<?xml version="1.0" encoding="utf-8"?><testsuites name="pytest tests"><testsuite name="pytest" errors="0" failures="0" skipped="0" tests="1623" time="43.749" timestamp="2025-07-31T13:15:10.012042+02:00" hostname="tuxedo-os"><testcase classname="tests.ApplicationOAuth.ApplicationOAuth" name="testCheckError" time="0.005" /><testcase classname="tests.ApplicationOAuth.ApplicationOAuth" name="testEnterpriseGetAccessToken" time="0.006" /><testcase classname="tests.ApplicationOAuth.ApplicationOAuth" name="testEnterpriseLoginURL" time="0.001" /><testcase classname="tests.ApplicationOAuth.ApplicationOAuth" name="testEnterpriseSupport" time="0.001" /><testcase classname="tests.ApplicationOAuth.ApplicationOAuth" name="testGetAccessToken" time="0.004" /><testcase classname="tests.ApplicationOAuth.ApplicationOAuth" name="testGetAccessTokenBadCode" time="0.004" /><testcase classname="tests.ApplicationOAuth.ApplicationOAuth" name="testGetAccessTokenUnknownError" time="0.003" /><testcase classname="tests.ApplicationOAuth.ApplicationOAuth" name="testGetAccessTokenWithExpiry" time="0.004" /><testcase classname="tests.ApplicationOAuth.ApplicationOAuth" name="testLoginURL" time="0.001" /><testcase classname="tests.ApplicationOAuth.ApplicationOAuth" name="testRefreshAccessToken" time="0.006" /><testcase classname="tests.ApplicationOAuth.ApplicationOAuth" name="testRefreshAccessTokenBadCode" time="0.003" /><testcase classname="tests.ApplicationOAuth.ApplicationOAuth" name="testRefreshAccessTokenUnknownError" time="0.003" /><testcase classname="tests.Artifact.Artifact" name="testDelete" time="0.017" /><testcase classname="tests.Artifact.Artifact" name="testGetArtifactsFromRepo" time="0.011" /><testcase classname="tests.Artifact.Artifact" name="testGetArtifactsFromRepoWithName" time="0.059" /><testcase classname="tests.Artifact.Artifact" name="testGetArtifactsFromWorkflow" time="0.010" /><testcase classname="tests.Artifact.Artifact" name="testGetNonexistentArtifact" time="0.010" /><testcase classname="tests.Artifact.Artifact" name="testGetSingleArtifactFromRepo" time="0.007" /><testcase classname="tests.AuthenticatedUser.AuthenticatedUser" name="testAcceptInvitation" time="0.004" /><testcase classname="tests.AuthenticatedUser.AuthenticatedUser" name="testAttributes" time="0.003" /><testcase classname="tests.AuthenticatedUser.AuthenticatedUser" name="testCreateAuthorizationWithAllArguments" time="0.004" /><testcase classname="tests.AuthenticatedUser.AuthenticatedUser" name="testCreateAuthorizationWithClientIdAndSecret" time="0.003" /><testcase classname="tests.AuthenticatedUser.AuthenticatedUser" name="testCreateAuthorizationWithoutArguments" time="0.003" /><testcase classname="tests.AuthenticatedUser.AuthenticatedUser" name="testCreateFork" time="0.008" /><testcase classname="tests.AuthenticatedUser.AuthenticatedUser" name="testCreateGist" time="0.003" /><testcase classname="tests.AuthenticatedUser.AuthenticatedUser" name="testCreateGistWithoutDescription" time="0.003" /><testcase classname="tests.AuthenticatedUser.AuthenticatedUser" name="testCreateKey" time="0.003" /><testcase classname="tests.AuthenticatedUser.AuthenticatedUser" name="testCreateMigration" time="0.006" /><testcase classname="tests.AuthenticatedUser.AuthenticatedUser" name="testCreateProject" time="0.003" /><testcase classname="tests.AuthenticatedUser.AuthenticatedUser" name="testCreateRepoFromTemplate" time="0.038" /><testcase classname="tests.AuthenticatedUser.AuthenticatedUser" name="testCreateRepoFromTemplateWithAllArguments" time="0.009" /><testcase classname="tests.AuthenticatedUser.AuthenticatedUser" name="testCreateRepository" time="0.003" /><testcase classname="tests.AuthenticatedUser.AuthenticatedUser" name="testCreateRepositoryWithAllArguments" time="0.003" /><testcase classname="tests.AuthenticatedUser.AuthenticatedUser" name="testCreateRepositoryWithAutoInit" time="0.003" /><testcase classname="tests.AuthenticatedUser.AuthenticatedUser" name="testEditWithAllArguments" time="0.003" /><testcase classname="tests.AuthenticatedUser.AuthenticatedUser" name="testEditWithoutArguments" time="0.003" /><testcase classname="tests.AuthenticatedUser.AuthenticatedUser" name="testEmails" time="0.010" /><testcase classname="tests.AuthenticatedUser.AuthenticatedUser" name="testFollowing" time="0.017" /><testcase classname="tests.AuthenticatedUser.AuthenticatedUser" name="testGetAuthorizations" time="0.003" /><testcase classname="tests.AuthenticatedUser.AuthenticatedUser" name="testGetEvents" time="0.008" /><testcase classname="tests.AuthenticatedUser.AuthenticatedUser" name="testGetGists" time="0.006" /><testcase classname="tests.AuthenticatedUser.AuthenticatedUser" name="testGetInvitations" time="0.004" /><testcase classname="tests.AuthenticatedUser.AuthenticatedUser" name="testGetIssues" time="0.010" /><testcase classname="tests.AuthenticatedUser.AuthenticatedUser" name="testGetIssuesWithAllArguments" time="0.051" /><testcase classname="tests.AuthenticatedUser.AuthenticatedUser" name="testGetKeys" time="0.003" /><testcase classname="tests.AuthenticatedUser.AuthenticatedUser" name="testGetMemberships" time="0.004" /><testcase classname="tests.AuthenticatedUser.AuthenticatedUser" name="testGetMigrations" time="0.003" /><testcase classname="tests.AuthenticatedUser.AuthenticatedUser" name="testGetNotification" time="0.003" /><testcase classname="tests.AuthenticatedUser.AuthenticatedUser" name="testGetNotifications" time="0.003" /><testcase classname="tests.AuthenticatedUser.AuthenticatedUser" name="testGetNotificationsWithOtherArguments" time="0.003" /><testcase classname="tests.AuthenticatedUser.AuthenticatedUser" name="testGetOrganizationEvents" time="0.012" /><testcase classname="tests.AuthenticatedUser.AuthenticatedUser" name="testGetOrgs" time="0.003" /><testcase classname="tests.AuthenticatedUser.AuthenticatedUser" name="testGetRepos" time="0.006" /><testcase classname="tests.AuthenticatedUser.AuthenticatedUser" name="testGetReposWithArguments" time="0.005" /><testcase classname="tests.AuthenticatedUser.AuthenticatedUser" name="testGetStarredGists" time="0.003" /><testcase classname="tests.AuthenticatedUser.AuthenticatedUser" name="testGetTeams" time="0.004" /><testcase classname="tests.AuthenticatedUser.AuthenticatedUser" name="testGetUserIssues" time="0.009" /><testcase classname="tests.AuthenticatedUser.AuthenticatedUser" name="testGetUserIssuesWithAllArguments" time="0.050" /><testcase classname="tests.AuthenticatedUser.AuthenticatedUser" name="testInstallations" time="0.003" /><testcase classname="tests.AuthenticatedUser.AuthenticatedUser" name="testMarkNotificationsAsRead" time="0.003" /><testcase classname="tests.AuthenticatedUser.AuthenticatedUser" name="testStarring" time="0.025" /><testcase classname="tests.AuthenticatedUser.AuthenticatedUser" name="testSubscriptions" time="0.025" /><testcase classname="tests.AuthenticatedUser.AuthenticatedUser" name="testWatching" time="0.025" /><testcase classname="tests.Authentication.Authentication" name="testAddingCustomHeaders" time="0.001" /><testcase classname="tests.Authentication.Authentication" name="testAppAuthAuthentication" time="0.012" /><testcase classname="tests.Authentication.Authentication" name="testAppAuthAuthenticationWithGithubIntegrationRequesterArgs" time="0.001" /><testcase classname="tests.Authentication.Authentication" name="testAppAuthAuthenticationWithGithubRequesterArgs" time="0.001" /><testcase classname="tests.Authentication.Authentication" name="testAppAuthTokenAuthentication" time="0.003" /><testcase classname="tests.Authentication.Authentication" name="testAppAuthentication" time="0.012" /><testcase classname="tests.Authentication.Authentication" name="testAppInstallationAuthAuthentication" time="1.269" /><testcase classname="tests.Authentication.Authentication" name="testAppInstallationAuthAuthenticationRequesterArgs" time="0.001" /><testcase classname="tests.Authentication.Authentication" name="testAppUserAuthentication" time="0.009" /><testcase classname="tests.Authentication.Authentication" name="testAuthorizationHeaderWithLogin" time="0.003" /><testcase classname="tests.Authentication.Authentication" name="testAuthorizationHeaderWithToken" time="0.004" /><testcase classname="tests.Authentication.Authentication" name="testBasicAuthentication" time="0.004" /><testcase classname="tests.Authentication.Authentication" name="testCreateJWT" time="0.006" /><testcase classname="tests.Authentication.Authentication" name="testCreateJWTWithExpiration" time="0.006" /><testcase classname="tests.Authentication.Authentication" name="testJWTAuthentication" time="0.004" /><testcase classname="tests.Authentication.Authentication" name="testLoginAuthentication" time="0.003" /><testcase classname="tests.Authentication.Authentication" name="testNetrcAuth" time="0.003" /><testcase classname="tests.Authentication.Authentication" name="testNetrcAuthFails" time="0.001" /><testcase classname="tests.Authentication.Authentication" name="testNoAuthentication" time="0.003" /><testcase classname="tests.Authentication.Authentication" name="testOAuthAuthentication" time="0.003" /><testcase classname="tests.Authentication.Authentication" name="testTokenAuthentication" time="0.003" /><testcase classname="tests.Authentication.Authentication" name="testUserAgent" time="0.003" /><testcase classname="tests.Authorization.Authorization" name="testAttributes" time="0.004" /><testcase classname="tests.Authorization.Authorization" name="testDelete" time="0.005" /><testcase classname="tests.Authorization.Authorization" name="testEdit" time="0.013" /><testcase classname="tests.Autolink.Autolink" name="testAttributes" time="0.009" /><testcase classname="tests.BadAttributes.BadAttributes" name="testBadAttributeInClassAttribute" time="0.004" /><testcase classname="tests.BadAttributes.BadAttributes" name="testBadAttributeTransformation" time="0.003" /><testcase classname="tests.BadAttributes.BadAttributes" name="testBadSimpleAttribute" time="0.003" /><testcase classname="tests.BadAttributes.BadAttributes" name="testBadSimpleAttributeInList" time="0.003" /><testcase classname="tests.BadAttributes.BadAttributes" name="testBadTransformedAttribute" time="0.003" /><testcase classname="tests.BadAttributes.BadAttributes" name="testBadTransformedAttributeInDict" time="0.005" /><testcase classname="tests.BadAttributes.BadAttributes" name="testBadTransformedAttributeInList" time="0.004" /><testcase classname="tests.BadAttributes.BadAttributes" name="testIssue195" time="0.008" /><testcase classname="tests.Branch.Branch" name="testAddRequiredSignatures" time="0.018" /><testcase classname="tests.Branch.Branch" name="testAddTeamPushRestrictions" time="0.020" /><testcase classname="tests.Branch.Branch" name="testAddUserPushRestrictions" time="0.019" /><testcase classname="tests.Branch.Branch" name="testAdminEnforcement" time="0.023" /><testcase classname="tests.Branch.Branch" name="testAllowDeletions" time="0.024" /><testcase classname="tests.Branch.Branch" name="testAttributes" time="0.014" /><testcase classname="tests.Branch.Branch" name="testEditProtection" time="0.019" /><testcase classname="tests.Branch.Branch" name="testEditProtectionDismissalUsersWithUserOwnedBranch" time="0.016" /><testcase classname="tests.Branch.Branch" name="testEditProtectionPushRestrictionsAndDismissalUser" time="0.025" /><testcase classname="tests.Branch.Branch" name="testEditProtectionPushRestrictionsWithUserOwnedBranch" time="0.016" /><testcase classname="tests.Branch.Branch" name="testEditRequiredPullRequestReviews" time="0.019" /><testcase classname="tests.Branch.Branch" name="testEditRequiredPullRequestReviewsWithTooLargeApprovingReviewCount" time="0.016" /><testcase classname="tests.Branch.Branch" name="testEditRequiredPullRequestReviewsWithUserBranchAndDismissalUsers" time="0.016" /><testcase classname="tests.Branch.Branch" name="testEditRequiredStatusChecks" time="0.021" /><testcase classname="tests.Branch.Branch" name="testEditRequiredStatusChecksChecks" time="0.018" /><testcase classname="tests.Branch.Branch" name="testEditRequiredStatusChecksContexts" time="0.019" /><testcase classname="tests.Branch.Branch" name="testGetRequiredSignatures" time="0.016" /><testcase classname="tests.Branch.Branch" name="testRemoveProtection" time="0.021" /><testcase classname="tests.Branch.Branch" name="testRemovePushRestrictions" time="0.018" /><testcase classname="tests.Branch.Branch" name="testRemoveRequiredPullRequestReviews" time="0.019" /><testcase classname="tests.Branch.Branch" name="testRemoveRequiredSignatures" time="0.017" /><testcase classname="tests.Branch.Branch" name="testRemoveRequiredStatusChecks" time="0.019" /><testcase classname="tests.Branch.Branch" name="testRemoveTeamPushRestrictions" time="0.018" /><testcase classname="tests.Branch.Branch" name="testRemoveUserPushRestrictions" time="0.019" /><testcase classname="tests.Branch.Branch" name="testReplaceTeamPushRestrictions" time="0.021" /><testcase classname="tests.Branch.Branch" name="testReplaceUserPushRestrictions" time="0.022" /><testcase classname="tests.BranchProtection.BranchProtection" name="testAttributes" time="0.012" /><testcase classname="tests.CheckRun.CheckRun" name="testAttributes" time="0.019" /><testcase classname="tests.CheckRun.CheckRun" name="testCheckRunAnnotationAttributes" time="0.018" /><testcase classname="tests.CheckRun.CheckRun" name="testCheckRunOutputAttributes" time="0.016" /><testcase classname="tests.CheckRun.CheckRun" name="testCreateCheckRunCompleted" time="0.014" /><testcase classname="tests.CheckRun.CheckRun" name="testCreateCheckRunInProgress" time="0.017" /><testcase classname="tests.CheckRun.CheckRun" name="testGetCheckRunsForRef" time="0.019" /><testcase classname="tests.CheckRun.CheckRun" name="testGetCheckRunsForRefFilterByCheckName" time="0.018" /><testcase classname="tests.CheckRun.CheckRun" name="testGetCheckRunsForRefFilterByFilter" time="0.026" /><testcase classname="tests.CheckRun.CheckRun" name="testGetCheckRunsForRefFilterByStatus" time="0.025" /><testcase classname="tests.CheckRun.CheckRun" name="testListCheckRunAnnotations" time="0.020" /><testcase classname="tests.CheckRun.CheckRun" name="testUpdateCheckRunAll" time="0.018" /><testcase classname="tests.CheckRun.CheckRun" name="testUpdateCheckRunFailure" time="0.017" /><testcase classname="tests.CheckRun.CheckRun" name="testUpdateCheckRunSuccess" time="0.017" /><testcase classname="tests.CheckSuite.CheckSuite" name="testAttributes" time="0.016" /><testcase classname="tests.CheckSuite.CheckSuite" name="testCheckSuiteRerequest" time="0.024" /><testcase classname="tests.CheckSuite.CheckSuite" name="testCreateCheckSuite" time="0.020" /><testcase classname="tests.CheckSuite.CheckSuite" name="testGetCheckRuns" time="0.026" /><testcase classname="tests.CheckSuite.CheckSuite" name="testGetCheckRunsFilterByCheckName" time="0.024" /><testcase classname="tests.CheckSuite.CheckSuite" name="testGetCheckRunsFilterByFilter" time="0.025" /><testcase classname="tests.CheckSuite.CheckSuite" name="testGetCheckRunsFilterByStatus" time="0.024" /><testcase classname="tests.CheckSuite.CheckSuite" name="testGetCheckSuitesForRef" time="0.025" /><testcase classname="tests.CheckSuite.CheckSuite" name="testGetCheckSuitesForRefFilterByAppId" time="0.023" /><testcase classname="tests.CheckSuite.CheckSuite" name="testGetCheckSuitesForRefFilterByCheckName" time="0.024" /><testcase classname="tests.CheckSuite.CheckSuite" name="testUpdateCheckSuitesPreferences" time="0.021" /><testcase classname="tests.Commit.Commit" name="testAttributes" time="0.012" /><testcase classname="tests.Commit.Commit" name="testCreateComment" time="0.054" /><testcase classname="tests.Commit.Commit" name="testCreateCommentOnFileLine" time="0.012" /><testcase classname="tests.Commit.Commit" name="testCreateCommentOnFilePosition" time="0.012" /><testcase classname="tests.Commit.Commit" name="testCreateStatusWithAllParameters" time="0.012" /><testcase classname="tests.Commit.Commit" name="testCreateStatusWithoutOptionalParameters" time="0.012" /><testcase classname="tests.Commit.Commit" name="testGetBranchesWhereHead" time="0.019" /><testcase classname="tests.Commit.Commit" name="testGetComments" time="0.012" /><testcase classname="tests.Commit.Commit" name="testGetPulls" time="0.023" /><testcase classname="tests.CommitCombinedStatus.CommitCombinedStatus" name="testAttributes" time="0.008" /><testcase classname="tests.CommitComment.CommitComment" name="testAttributes" time="0.007" /><testcase classname="tests.CommitComment.CommitComment" name="testCreateReaction" time="0.009" /><testcase classname="tests.CommitComment.CommitComment" name="testDelete" time="0.011" /><testcase classname="tests.CommitComment.CommitComment" name="testDeleteReaction" time="0.008" /><testcase classname="tests.CommitComment.CommitComment" name="testEdit" time="0.008" /><testcase classname="tests.CommitComment.CommitComment" name="testGetReactions" time="0.008" /><testcase classname="tests.CommitStatus.CommitStatus" name="testAttributes" time="0.010" /><testcase classname="tests.ConditionalRequestUpdate.ConditionalRequestUpdate" name="testDidNotUpdate" time="0.007" /><testcase classname="tests.ConditionalRequestUpdate.ConditionalRequestUpdate" name="testDidUpdate" time="0.008" /><testcase classname="tests.ConditionalRequestUpdate.ConditionalRequestUpdate" name="testUpdateObjectWithoutEtag" time="0.008" /><testcase classname="tests.Connection" name="testRecordAndReplay[ReplayingHttpConnection-http-{&quot;body&quot;:&quot;BODY TEXT&quot;}-\nGET\napi.github.com\nNone\n/user\n{'Authorization': 'Basic login_and_password_removed', 'User-Agent': 'PyGithub/Python'}\nNone\n200\n[]\n{&quot;body&quot;:&quot;BODY TEXT&quot;}\n\n]" time="0.003" /><testcase classname="tests.Connection" name="testRecordAndReplay[ReplayingHttpConnection-http-{&quot;body&quot;:&quot;BODY\xa0TEXT&quot;}-\nGET\napi.github.com\nNone\n/user\n{'Authorization': 'Basic login_and_password_removed', 'User-Agent': 'PyGithub/Python'}\nNone\n200\n[]\n{&quot;body&quot;:&quot;BODY\xa0TEXT&quot;}\n\n]" time="0.003" /><testcase classname="tests.Connection" name="testRecordAndReplay[ReplayingHttpConnection-http-BODY TEXT-\nGET\napi.github.com\nNone\n/user\n{'Authorization': 'Basic login_and_password_removed', 'User-Agent': 'PyGithub/Python'}\nNone\n200\n[]\nBODY TEXT\n\n]" time="0.003" /><testcase classname="tests.Connection" name="testRecordAndReplay[ReplayingHttpConnection-http-BODY\xa0TEXT-\nGET\napi.github.com\nNone\n/user\n{'Authorization': 'Basic login_and_password_removed', 'User-Agent': 'PyGithub/Python'}\nNone\n200\n[]\nBODY\xa0TEXT\n\n]" time="0.003" /><testcase classname="tests.Connection" name="testRecordAndReplay[ReplayingHttpsConnection-https-{&quot;body&quot;:&quot;BODY TEXT&quot;}-\nGET\napi.github.com\nNone\n/user\n{'Authorization': 'Basic login_and_password_removed', 'User-Agent': 'PyGithub/Python'}\nNone\n200\n[]\n{&quot;body&quot;:&quot;BODY TEXT&quot;}\n\n]" time="0.004" /><testcase classname="tests.Connection" name="testRecordAndReplay[ReplayingHttpsConnection-https-{&quot;body&quot;:&quot;BODY\xa0TEXT&quot;}-\nGET\napi.github.com\nNone\n/user\n{'Authorization': 'Basic login_and_password_removed', 'User-Agent': 'PyGithub/Python'}\nNone\n200\n[]\n{&quot;body&quot;:&quot;BODY\xa0TEXT&quot;}\n\n]" time="0.003" /><testcase classname="tests.Connection" name="testRecordAndReplay[ReplayingHttpsConnection-https-BODY TEXT-\nGET\napi.github.com\nNone\n/user\n{'Authorization': 'Basic login_and_password_removed', 'User-Agent': 'PyGithub/Python'}\nNone\n200\n[]\nBODY TEXT\n\n]" time="0.004" /><testcase classname="tests.Connection" name="testRecordAndReplay[ReplayingHttpsConnection-https-BODY\xa0TEXT-\nGET\napi.github.com\nNone\n/user\n{'Authorization': 'Basic login_and_password_removed', 'User-Agent': 'PyGithub/Python'}\nNone\n200\n[]\nBODY\xa0TEXT\n\n]" time="0.003" /><testcase classname="tests.ContentFile.ContentFile" name="testAttributes" time="0.007" /><testcase classname="tests.Copilot.Copilot" name="testAddSeats" time="0.005" /><testcase classname="tests.Copilot.Copilot" name="testAttributes" time="0.005" /><testcase classname="tests.Copilot.Copilot" name="testGetSeats" time="0.005" /><testcase classname="tests.Copilot.Copilot" name="testRemoveSeats" time="0.005" /><testcase classname="tests.DependabotAlert.DependabotAlert" name="testAttributes" time="0.009" /><testcase classname="tests.DependabotAlert.DependabotAlert" name="testGetAlertsWithAllArguments" time="0.008" /><testcase classname="tests.DependabotAlert.DependabotAlert" name="testMultipleAlerts" time="0.008" /><testcase classname="tests.DependabotAlert.DependabotAlert" name="testRepr" time="0.008" /><testcase classname="tests.DependabotAlert.DependabotAlert" name="testUpdateAlertDismissed" time="0.007" /><testcase classname="tests.DependabotAlert.DependabotAlert" name="testUpdateAlertDismissedWithoutReason" time="0.005" /><testcase classname="tests.DependabotAlert.DependabotAlert" name="testUpdateAlertOpen" time="0.008" /><testcase classname="tests.Deployment.Deployment" name="testAttributes" time="0.010" /><testcase classname="tests.DeploymentStatus.DeploymentStatus" name="testAttributes" time="0.013" /><testcase classname="tests.DeploymentStatus.DeploymentStatus" name="testCreate" time="0.013" /><testcase classname="tests.DeploymentStatus.DeploymentStatus" name="testGetStatuses" time="0.015" /><testcase classname="tests.Download.Download" name="testAttributes" time="0.009" /><testcase classname="tests.Download.Download" name="testDelete" time="0.009" /><testcase classname="tests.Enterprise.Enterprise" name="testHttp" time="0.007" /><testcase classname="tests.Enterprise.Enterprise" name="testHttps" time="0.006" /><testcase classname="tests.Enterprise.Enterprise" name="testLongUrl" time="0.258" /><testcase classname="tests.Enterprise.Enterprise" name="testSpecificPort" time="0.006" /><testcase classname="tests.Enterprise.Enterprise" name="testUnknownUrlScheme" time="0.001" /><testcase classname="tests.EnterpriseAdmin.EnterpriseAdmin" name="testAttributes" time="0.001" /><testcase classname="tests.EnterpriseAdmin.EnterpriseAdmin" name="testGetConsumedLicenses" time="0.003" /><testcase classname="tests.EnterpriseAdmin.EnterpriseAdmin" name="testGetEnterpriseUsers" time="0.025" /><testcase classname="tests.Environment.Environment" name="testAttributes" time="0.011" /><testcase classname="tests.Environment.Environment" name="testCreateEnvironment" time="0.012" /><testcase classname="tests.Environment.Environment" name="testDeleteEnvironment" time="0.013" /><testcase classname="tests.Environment.Environment" name="testEnvironmentSecret" time="0.028" /><testcase classname="tests.Environment.Environment" name="testEnvironmentSecrets" time="0.036" /><testcase classname="tests.Environment.Environment" name="testEnvironmentVariable" time="0.023" /><testcase classname="tests.Environment.Environment" name="testEnvironmentVariables" time="0.030" /><testcase classname="tests.Environment.Environment" name="testGetEnvironments" time="0.016" /><testcase classname="tests.Environment.Environment" name="testProtectionRules" time="0.009" /><testcase classname="tests.Environment.Environment" name="testReviewers" time="0.012" /><testcase classname="tests.Environment.Environment" name="testUpdateEnvironment" time="0.012" /><testcase classname="tests.Equality.Equality" name="testBranchEquality" time="0.011" /><testcase classname="tests.Equality.Equality" name="testUserDifference" time="0.006" /><testcase classname="tests.Equality.Equality" name="testUserEquality" time="0.007" /><testcase classname="tests.Event.Event" name="testAttributes" time="0.015" /><testcase classname="tests.Exceptions.Exceptions" name="testBadAuthentication" time="0.004" /><testcase classname="tests.Exceptions.Exceptions" name="testExceptionPickling" time="0.001" /><testcase classname="tests.Exceptions.Exceptions" name="testInvalidInput" time="0.003" /><testcase classname="tests.Exceptions.Exceptions" name="testJSONParseError" time="0.003" /><testcase classname="tests.Exceptions.Exceptions" name="testNonJsonDataReturnedByGithub" time="0.003" /><testcase classname="tests.Exceptions.Exceptions" name="testUnknownObject" time="0.005" /><testcase classname="tests.Exceptions.Exceptions" name="testUnknownUser" time="0.003" /><testcase classname="tests.Exceptions.SpecificExceptions" name="test2FARequired" time="0.004" /><testcase classname="tests.Exceptions.SpecificExceptions" name="testAuthenticatedRateLimitExceeded" time="0.063" /><testcase classname="tests.Exceptions.SpecificExceptions" name="testBadCredentials" time="0.003" /><testcase classname="tests.Exceptions.SpecificExceptions" name="testBadUserAgent" time="0.003" /><testcase classname="tests.Exceptions.SpecificExceptions" name="testIncompletableObject" time="0.001" /><testcase classname="tests.Exceptions.SpecificExceptions" name="testRateLimitExceeded" time="1.023" /><testcase classname="tests.Exceptions.SpecificExceptions" name="testUnknownObject" time="0.006" /><testcase classname="tests.ExposeAllAttributes.ExposeAllAttributes" name="testAllClasses" time="0.368" /><testcase classname="tests.Gist.Gist" name="testAttributes" time="0.008" /><testcase classname="tests.Gist.Gist" name="testCreateComment" time="0.005" /><testcase classname="tests.Gist.Gist" name="testDelete" time="0.007" /><testcase classname="tests.Gist.Gist" name="testDeleteFile" time="0.007" /><testcase classname="tests.Gist.Gist" name="testEditWithAllParameters" time="0.006" /><testcase classname="tests.Gist.Gist" name="testEditWithoutParameters" time="0.006" /><testcase classname="tests.Gist.Gist" name="testFork" time="0.009" /><testcase classname="tests.Gist.Gist" name="testGetComments" time="0.006" /><testcase classname="tests.Gist.Gist" name="testRenameFile" time="0.007" /><testcase classname="tests.Gist.Gist" name="testStarring" time="0.012" /><testcase classname="tests.GistComment.GistComment" name="testAttributes" time="0.006" /><testcase classname="tests.GistComment.GistComment" name="testDelete" time="0.008" /><testcase classname="tests.GistComment.GistComment" name="testEdit" time="0.010" /><testcase classname="tests.GitBlob.GitBlob" name="testAttributes" time="0.011" /><testcase classname="tests.GitCommit.GitCommit" name="testAttributes" time="0.007" /><testcase classname="tests.GitCommitVerification.GitCommitVerification" name="testAttributes" time="0.005" /><testcase classname="tests.GitRef.GitRef" name="testAttributes" time="0.009" /><testcase classname="tests.GitRef.GitRef" name="testDelete" time="0.011" /><testcase classname="tests.GitRef.GitRef" name="testEdit" time="0.010" /><testcase classname="tests.GitRef.GitRef" name="testEditWithForce" time="0.010" /><testcase classname="tests.GitRelease.GitRelease" name="testAttributes" time="0.010" /><testcase classname="tests.GitRelease.GitRelease" name="testCreateGitTagAndRelease" time="0.023" /><testcase classname="tests.GitRelease.GitRelease" name="testDelete" time="0.022" /><testcase classname="tests.GitRelease.GitRelease" name="testGetAssets" time="0.015" /><testcase classname="tests.GitRelease.GitRelease" name="testGetLatestRelease" time="0.012" /><testcase classname="tests.GitRelease.GitRelease" name="testGetRelease" time="0.012" /><testcase classname="tests.GitRelease.GitRelease" name="testUpdate" time="0.025" /><testcase classname="tests.GitRelease.GitRelease" name="testUploadAsset" time="0.025" /><testcase classname="tests.GitRelease.GitRelease" name="testUploadAssetFileLike" time="0.027" /><testcase classname="tests.GitRelease.GitRelease" name="testUploadAssetFromMemory" time="0.026" /><testcase classname="tests.GitRelease.GitRelease" name="testUploadAssetWithName" time="0.024" /><testcase classname="tests.GitReleaseAsset.GitReleaseAsset" name="testAttributes" time="0.004" /><testcase classname="tests.GitReleaseAsset.GitReleaseAsset" name="testDownloadAssetFile" time="0.020" /><testcase classname="tests.GitReleaseAsset.GitReleaseAsset" name="testDownloadAssetStream" time="0.017" /><testcase classname="tests.GitTag.GitTag" name="testAttributes" time="0.007" /><testcase classname="tests.GitTree.GitTree" name="testAttributes" time="0.008" /><testcase classname="tests.GithubApp.GithubApp" name="testAttributes" time="0.004" /><testcase classname="tests.GithubApp.GithubApp" name="testGetAuthenticatedApp" time="0.013" /><testcase classname="tests.GithubIntegration.GithubIntegration" name="testAppAuth" time="0.009" /><testcase classname="tests.GithubIntegration.GithubIntegration" name="testDeprecatedAppAuth" time="0.009" /><testcase classname="tests.GithubIntegration.GithubIntegration" name="testGetAccessToken" time="2.018" /><testcase classname="tests.GithubIntegration.GithubIntegration" name="testGetAccessTokenForNoInstallation" time="0.008" /><testcase classname="tests.GithubIntegration.GithubIntegration" name="testGetAccessTokenWithExpiredJWT" time="0.008" /><testcase classname="tests.GithubIntegration.GithubIntegration" name="testGetAccessTokenWithInvalidData" time="0.001" /><testcase classname="tests.GithubIntegration.GithubIntegration" name="testGetAccessTokenWithInvalidPermissions" time="0.008" /><testcase classname="tests.GithubIntegration.GithubIntegration" name="testGetApp" time="0.008" /><testcase classname="tests.GithubIntegration.GithubIntegration" name="testGetAppInstallation" time="0.010" /><testcase classname="tests.GithubIntegration.GithubIntegration" name="testGetGithubForInstallation" time="0.012" /><testcase classname="tests.GithubIntegration.GithubIntegration" name="testGetInstallationNotFound" time="0.010" /><testcase classname="tests.GithubIntegration.GithubIntegration" name="testGetInstallationWithExpiredJWT" time="0.008" /><testcase classname="tests.GithubIntegration.GithubIntegration" name="testGetInstallations" time="0.009" /><testcase classname="tests.GithubIntegration.GithubIntegration" name="testGetOrgInstallation" time="0.008" /><testcase classname="tests.GithubIntegration.GithubIntegration" name="testGetRepoInstallation" time="0.008" /><testcase classname="tests.GithubIntegration.GithubIntegration" name="testGetUserInstallation" time="0.009" /><testcase classname="tests.GithubIntegration.GithubIntegration" name="testNoneAppAuth" time="0.001" /><testcase classname="tests.GithubIntegration.GithubIntegration" name="testRequiredAppAuth" time="0.001" /><testcase classname="tests.GithubObject.GithubObject" name="testApiType" time="0.001" /><testcase classname="tests.GithubObject.GithubObject" name="testAttributesAsRest" time="0.001" /><testcase classname="tests.GithubObject.GithubObject" name="testMakeDatetimeAttribute" time="0.001" /><testcase classname="tests.GithubObject.GithubObject" name="testMakeDatetimeAttributeBadValues" time="0.001" /><testcase classname="tests.GithubObject.GithubObject" name="testMakeHttpDatetimeAttribute" time="0.001" /><testcase classname="tests.GithubObject.GithubObject" name="testMakeHttpDatetimeAttributeBadValues" time="0.001" /><testcase classname="tests.GithubObject.GithubObject" name="testMakeTimestampAttribute" time="0.001" /><testcase classname="tests.GithubObject.GithubObject" name="testMakeTimetsampAttributeBadValues" time="0.001" /><testcase classname="tests.GithubRetry.GithubRetry" name="test_403_with_non_retryable_error" time="0.002" /><testcase classname="tests.GithubRetry.GithubRetry" name="test_403_with_retry_after" time="0.002" /><testcase classname="tests.GithubRetry.GithubRetry" name="test_error_in_get_content" time="0.001" /><testcase classname="tests.GithubRetry.GithubRetry" name="test_misc_response" time="0.001" /><testcase classname="tests.GithubRetry.GithubRetry" name="test_misc_response_exponential_backoff" time="0.001" /><testcase classname="tests.GithubRetry.GithubRetry" name="test_primary_rate_error_with_reset" time="0.005" /><testcase classname="tests.GithubRetry.GithubRetry" name="test_primary_rate_error_with_reset_and_exponential_backoff" time="0.005" /><testcase classname="tests.GithubRetry.GithubRetry" name="test_primary_rate_error_without_reset" time="0.003" /><testcase classname="tests.GithubRetry.GithubRetry" name="test_primary_rate_error_without_reset_with_exponential_backoff" time="0.003" /><testcase classname="tests.GithubRetry.GithubRetry" name="test_secondary_rate_error_with_reset" time="0.004" /><testcase classname="tests.GithubRetry.GithubRetry" name="test_secondary_rate_error_with_reset_and_exponential_backoff" time="0.004" /><testcase classname="tests.GithubRetry.GithubRetry" name="test_secondary_rate_error_without_reset" time="0.004" /><testcase classname="tests.GithubRetry.GithubRetry" name="test_secondary_rate_error_without_reset_with_exponential_backoff" time="0.004" /><testcase classname="tests.Github_.Github" name="testGetEmojis" time="0.004" /><testcase classname="tests.Github_.Github" name="testGetEvents" time="0.010" /><testcase classname="tests.Github_.Github" name="testGetGists" time="0.027" /><testcase classname="tests.Github_.Github" name="testGetGistsWithSince" time="0.004" /><testcase classname="tests.Github_.Github" name="testGetGitignoreTemplate" time="0.005" /><testcase classname="tests.Github_.Github" name="testGetGitignoreTemplates" time="0.003" /><testcase classname="tests.Github_.Github" name="testGetGlobalAdvisories" time="0.005" /><testcase classname="tests.Github_.Github" name="testGetGlobalAdvisoriesByCVE" time="0.003" /><testcase classname="tests.Github_.Github" name="testGetGlobalAdvisoriesByGHSA" time="0.004" /><testcase classname="tests.Github_.Github" name="testGetGlobalAdvisoriesManyFilters" time="0.011" /><testcase classname="tests.Github_.Github" name="testGetHook" time="0.003" /><testcase classname="tests.Github_.Github" name="testGetHookDeliveries" time="0.003" /><testcase classname="tests.Github_.Github" name="testGetHookDelivery" time="0.003" /><testcase classname="tests.Github_.Github" name="testGetHooks" time="0.006" /><testcase classname="tests.Github_.Github" name="testGetLicense" time="0.003" /><testcase classname="tests.Github_.Github" name="testGetLicenses" time="0.003" /><testcase classname="tests.Github_.Github" name="testGetOrganizations" time="0.005" /><testcase classname="tests.Github_.Github" name="testGetOrganizationsSince" time="0.005" /><testcase classname="tests.Github_.Github" name="testGetRepoFromFullName" time="0.003" /><testcase classname="tests.Github_.Github" name="testGetRepoFromId" time="0.003" /><testcase classname="tests.Github_.Github" name="testGetRepos" time="0.072" /><testcase classname="tests.Github_.Github" name="testGetReposSince" time="0.031" /><testcase classname="tests.Github_.Github" name="testGetUserById" time="0.003" /><testcase classname="tests.Github_.Github" name="testGetUsers" time="0.021" /><testcase classname="tests.Github_.Github" name="testGetUsersSince" time="0.011" /><testcase classname="tests.Github_.Github" name="testRequester" time="0.001" /><testcase classname="tests.Github_.Github" name="testStringOfNotSet" time="0.001" /><testcase classname="tests.GlobalAdvisory.GlobalAdvisory" name="testAttributes" time="0.005" /><testcase classname="tests.GlobalAdvisory.GlobalAdvisory" name="testNewlyReleased" time="0.004" /><testcase classname="tests.GraphQl.GraphQl" name="testDefaultUrl" time="0.013" /><testcase classname="tests.GraphQl.GraphQl" name="testMutation" time="0.003" /><testcase classname="tests.GraphQl.GraphQl" name="testMutationClass" time="0.004" /><testcase classname="tests.GraphQl.GraphQl" name="testNode" time="0.007" /><testcase classname="tests.GraphQl.GraphQl" name="testNodeClass" time="0.007" /><testcase classname="tests.GraphQl.GraphQl" name="testOtherPort" time="0.511" /><testcase classname="tests.GraphQl.GraphQl" name="testOtherUrl" time="0.514" /><testcase classname="tests.GraphQl.GraphQl" name="testPaginationAndRestIntegration" time="0.070" /><testcase classname="tests.GraphQl.GraphQl" name="testQuery" time="0.003" /><testcase classname="tests.GraphQl.GraphQl" name="testQueryGraphQlClass" time="0.003" /><testcase classname="tests.GraphQl.GraphQl" name="testQueryRestClass" time="0.003" /><testcase classname="tests.GraphQl.GraphQl" name="testRequesterGraphQlPrefix" time="0.001" /><testcase classname="tests.Hook.Hook" name="testAttributes" time="0.008" /><testcase classname="tests.Hook.Hook" name="testDelete" time="0.009" /><testcase classname="tests.Hook.Hook" name="testEditWithAllParameters" time="0.015" /><testcase classname="tests.Hook.Hook" name="testEditWithMinimalParameters" time="0.009" /><testcase classname="tests.Hook.Hook" name="testPing" time="0.010" /><testcase classname="tests.Hook.Hook" name="testTest" time="0.013" /><testcase classname="tests.Installation.Installation" name="testAttributes" time="0.011" /><testcase classname="tests.Installation.Installation" name="testGetGithubForInstallation" time="0.028" /><testcase classname="tests.Installation.Installation" name="testGetRepos" time="0.020" /><testcase classname="tests.Installation.Installation" name="testRequester" time="0.009" /><testcase classname="tests.Issue.Issue" name="testAddAndRemoveAssignees" time="0.017" /><testcase classname="tests.Issue.Issue" name="testAddAndRemoveLabels" time="0.032" /><testcase classname="tests.Issue.Issue" name="testAddAndRemoveLabelsWithStringArguments" time="0.025" /><testcase classname="tests.Issue.Issue" name="testAttributes" time="0.011" /><testcase classname="tests.Issue.Issue" name="testCreateComment" time="0.010" /><testcase classname="tests.Issue.Issue" name="testCreateReaction" time="0.014" /><testcase classname="tests.Issue.Issue" name="testDeleteAndSetLabels" time="0.026" /><testcase classname="tests.Issue.Issue" name="testDeleteAndSetLabelsWithStringArguments" time="0.018" /><testcase classname="tests.Issue.Issue" name="testDeleteReaction" time="0.009" /><testcase classname="tests.Issue.Issue" name="testEditResetAssignee" time="0.011" /><testcase classname="tests.Issue.Issue" name="testEditResetMilestone" time="0.013" /><testcase classname="tests.Issue.Issue" name="testEditWithAllParameters" time="0.015" /><testcase classname="tests.Issue.Issue" name="testEditWithStateReasonNotPlanned" time="0.010" /><testcase classname="tests.Issue.Issue" name="testEditWithStateReasonReopened" time="0.010" /><testcase classname="tests.Issue.Issue" name="testEditWithoutParameters" time="0.010" /><testcase classname="tests.Issue.Issue" name="testGetComments" time="0.009" /><testcase classname="tests.Issue.Issue" name="testGetCommentsSince" time="0.012" /><testcase classname="tests.Issue.Issue" name="testGetEvents" time="0.011" /><testcase classname="tests.Issue.Issue" name="testGetLabels" time="0.010" /><testcase classname="tests.Issue.Issue" name="testGetReactions" time="0.010" /><testcase classname="tests.Issue.Issue" name="testGetTimeline" time="0.014" /><testcase classname="tests.Issue.Issue" name="testLock" time="0.010" /><testcase classname="tests.Issue.Issue" name="testUnlock" time="0.009" /><testcase classname="tests.Issue131.Issue131" name="testGetPullWithOrgHeadUser" time="0.011" /><testcase classname="tests.Issue131.Issue131" name="testGetPullsWithOrgHeadUser" time="0.042" /><testcase classname="tests.Issue133.Issue133" name="testGetPageWithoutInitialArguments" time="0.005" /><testcase classname="tests.Issue134.Issue134" name="testGetAuthorizationsFailsWhenAutenticatedThroughOAuth" time="0.004" /><testcase classname="tests.Issue134.Issue134" name="testGetAuthorizationsSucceedsWhenAutenticatedThroughLoginPassword" time="0.004" /><testcase classname="tests.Issue134.Issue134" name="testGetOAuthScopesFromHeader" time="0.004" /><testcase classname="tests.Issue139.Issue139" name="testCompletion" time="0.013" /><testcase classname="tests.Issue140.Issue140" name="testGetDirContentsThenLazyCompletionOfFile" time="0.012" /><testcase classname="tests.Issue140.Issue140" name="testGetDirContentsWithRef" time="0.007" /><testcase classname="tests.Issue140.Issue140" name="testGetFileContents" time="0.006" /><testcase classname="tests.Issue142.Issue142" name="testDecodeJson" time="0.004" /><testcase classname="tests.Issue174.Issue174" name="testGetDirContentsWithHttpRedirect" time="0.012" /><testcase classname="tests.Issue2030.Organization" name="testIssue2030CreateProject" time="0.012" /><testcase classname="tests.Issue214.Issue214" name="testAssignees" time="0.015" /><testcase classname="tests.Issue214.Issue214" name="testCollaborators" time="0.027" /><testcase classname="tests.Issue214.Issue214" name="testCreateIssue" time="0.013" /><testcase classname="tests.Issue214.Issue214" name="testEditIssue" time="0.014" /><testcase classname="tests.Issue214.Issue214" name="testGetIssues" time="0.012" /><testcase classname="tests.Issue216.Issue216" name="testIteration" time="0.118" /><testcase classname="tests.Issue278.Issue278" name="testIteration" time="0.118" /><testcase classname="tests.Issue33.Issue33" name="testClosedIssues" time="0.301" /><testcase classname="tests.Issue33.Issue33" name="testOpenIssues" time="0.119" /><testcase classname="tests.Issue494.Issue494" name="testRepr" time="0.006" /><testcase classname="tests.Issue50.Issue50" name="testAddLabelToIssue" time="0.013" /><testcase classname="tests.Issue50.Issue50" name="testCreateIssueWithLabel" time="0.012" /><testcase classname="tests.Issue50.Issue50" name="testCreateLabel" time="0.010" /><testcase classname="tests.Issue50.Issue50" name="testGetIssuesWithLabel" time="0.013" /><testcase classname="tests.Issue50.Issue50" name="testGetLabel" time="0.010" /><testcase classname="tests.Issue50.Issue50" name="testGetLabels" time="0.011" /><testcase classname="tests.Issue50.Issue50" name="testIssueGetLabels" time="0.009" /><testcase classname="tests.Issue50.Issue50" name="testIssueLabels" time="0.007" /><testcase classname="tests.Issue50.Issue50" name="testRemoveLabelFromIssue" time="0.012" /><testcase classname="tests.Issue50.Issue50" name="testSetIssueLabels" time="0.016" /><testcase classname="tests.Issue54.Issue54" name="testConversion" time="0.008" /><testcase classname="tests.Issue572.Issue572" name="testIssueAsPullRequest" time="0.013" /><testcase classname="tests.Issue572.Issue572" name="testPullReqeustAsIssue" time="0.012" /><testcase classname="tests.Issue80.Issue80" name="testIgnoreHttpsFromGithubEnterprise" time="0.259" /><testcase classname="tests.Issue80.Issue80" name="testIgnoreHttpsFromGithubEnterpriseWithPort" time="0.259" /><testcase classname="tests.Issue823.Issue823" name="testGetPendingInvitationAttributes" time="0.008" /><testcase classname="tests.Issue87.Issue87" name="testCreateIssueWithEscapedPercentInBody" time="0.010" /><testcase classname="tests.Issue87.Issue87" name="testCreateIssueWithEscapedPercentInTitle" time="0.008" /><testcase classname="tests.Issue87.Issue87" name="testCreateIssueWithPercentInBody" time="0.008" /><testcase classname="tests.Issue87.Issue87" name="testCreateIssueWithPercentInTitle" time="0.007" /><testcase classname="tests.Issue937.Issue937" name="testCollaboratorsAffiliation" time="0.009" /><testcase classname="tests.Issue945.Issue945" name="testReservedPaginatedListAttributePreservation" time="0.014" /><testcase classname="tests.IssueComment.IssueComment" name="testAttributes" time="0.012" /><testcase classname="tests.IssueComment.IssueComment" name="testCreateReaction" time="0.012" /><testcase classname="tests.IssueComment.IssueComment" name="testDelete" time="0.011" /><testcase classname="tests.IssueComment.IssueComment" name="testDeleteReaction" time="0.011" /><testcase classname="tests.IssueComment.IssueComment" name="testEdit" time="0.011" /><testcase classname="tests.IssueComment.IssueComment" name="testGetReactions" time="0.011" /><testcase classname="tests.IssueComment.IssueComment" name="testMinimize" time="0.011" /><testcase classname="tests.IssueComment.IssueComment" name="testUnminimize" time="0.011" /><testcase classname="tests.IssueEvent.IssueEvent" name="testEvent_added_to_project_Attributes" time="0.124" /><testcase classname="tests.IssueEvent.IssueEvent" name="testEvent_assigned_Attributes" time="0.122" /><testcase classname="tests.IssueEvent.IssueEvent" name="testEvent_base_ref_changed_Attributes" time="0.124" /><testcase classname="tests.IssueEvent.IssueEvent" name="testEvent_closed_Attributes" time="0.122" /><testcase classname="tests.IssueEvent.IssueEvent" name="testEvent_converted_note_to_issue_Attributes" time="0.163" /><testcase classname="tests.IssueEvent.IssueEvent" name="testEvent_demilestoned_Attributes" time="0.125" /><testcase classname="tests.IssueEvent.IssueEvent" name="testEvent_head_ref_deleted_Attributes" time="0.120" /><testcase classname="tests.IssueEvent.IssueEvent" name="testEvent_head_ref_restored_Attributes" time="0.129" /><testcase classname="tests.IssueEvent.IssueEvent" name="testEvent_labeled_Attributes" time="0.128" /><testcase classname="tests.IssueEvent.IssueEvent" name="testEvent_locked_Attributes" time="0.129" /><testcase classname="tests.IssueEvent.IssueEvent" name="testEvent_marked_as_duplicate_Attributes" time="0.132" /><testcase classname="tests.IssueEvent.IssueEvent" name="testEvent_mentioned_Attributes" time="0.121" /><testcase classname="tests.IssueEvent.IssueEvent" name="testEvent_merged_Attributes" time="0.132" /><testcase classname="tests.IssueEvent.IssueEvent" name="testEvent_milestoned_Attributes" time="0.133" /><testcase classname="tests.IssueEvent.IssueEvent" name="testEvent_moved_columns_in_project_Attributes" time="0.136" /><testcase classname="tests.IssueEvent.IssueEvent" name="testEvent_referenced_Attributes" time="0.148" /><testcase classname="tests.IssueEvent.IssueEvent" name="testEvent_removed_from_project_Attributes" time="0.130" /><testcase classname="tests.IssueEvent.IssueEvent" name="testEvent_renamed_Attributes" time="0.148" /><testcase classname="tests.IssueEvent.IssueEvent" name="testEvent_reopened_Attributes" time="0.182" /><testcase classname="tests.IssueEvent.IssueEvent" name="testEvent_review_dismissed_Attributes" time="0.133" /><testcase classname="tests.IssueEvent.IssueEvent" name="testEvent_review_request_removed_Attributes" time="0.126" /><testcase classname="tests.IssueEvent.IssueEvent" name="testEvent_review_requested_Attributes" time="0.127" /><testcase classname="tests.IssueEvent.IssueEvent" name="testEvent_subscribed_Attributes" time="0.126" /><testcase classname="tests.IssueEvent.IssueEvent" name="testEvent_unassigned_Attributes" time="0.127" /><testcase classname="tests.IssueEvent.IssueEvent" name="testEvent_unlabeled_Attributes" time="0.123" /><testcase classname="tests.IssueEvent.IssueEvent" name="testEvent_unlocked_Attributes" time="0.144" /><testcase classname="tests.IssueEvent.IssueEvent" name="testEvent_unmarked_as_duplicate_Attributes" time="0.170" /><testcase classname="tests.Label.Label" name="testAttributes" time="0.012" /><testcase classname="tests.Label.Label" name="testDelete" time="0.016" /><testcase classname="tests.Label.Label" name="testEdit" time="0.014" /><testcase classname="tests.License.License" name="testAttributes" time="0.009" /><testcase classname="tests.Logging_.Logging" name="testLoggingDoesNotModifyRequestHeaders" time="0.002" /><testcase classname="tests.Logging_.Logging" name="testLoggingWithBaseUrl" time="0.006" /><testcase classname="tests.Logging_.Logging" name="testLoggingWithBasicAuthentication" time="0.005" /><testcase classname="tests.Logging_.Logging" name="testLoggingWithOAuthAuthentication" time="0.005" /><testcase classname="tests.Logging_.Logging" name="testLoggingWithoutAuthentication" time="0.007" /><testcase classname="tests.Logging_.Logging" name="testMaskingOfCustomAuthHeader" time="0.002" /><testcase classname="tests.Markdown.Markdown" name="testRenderGithubFlavoredMarkdown" time="0.015" /><testcase classname="tests.Markdown.Markdown" name="testRenderMarkdown" time="0.011" /><testcase classname="tests.Membership.Membership" name="testAttributes" time="0.009" /><testcase classname="tests.Migration.Migration" name="testAttributes" time="0.008" /><testcase classname="tests.Migration.Migration" name="testDelete" time="0.012" /><testcase classname="tests.Migration.Migration" name="testGetArchiveUrlWhenDeleted" time="0.011" /><testcase classname="tests.Migration.Migration" name="testGetArchiveUrlWhenExported" time="0.017" /><testcase classname="tests.Migration.Migration" name="testGetArchiveUrlWhenNotExported" time="0.012" /><testcase classname="tests.Migration.Migration" name="testGetStatus" time="0.013" /><testcase classname="tests.Migration.Migration" name="testUnlockRepo" time="0.011" /><testcase classname="tests.Milestone.Milestone" name="testAttributes" time="0.015" /><testcase classname="tests.Milestone.Milestone" name="testDelete" time="0.015" /><testcase classname="tests.Milestone.Milestone" name="testEditWithAllParameters" time="0.015" /><testcase classname="tests.Milestone.Milestone" name="testEditWithMinimalParameters" time="0.012" /><testcase classname="tests.Milestone.Milestone" name="testGetLabels" time="0.017" /><testcase classname="tests.NamedUser.NamedUser" name="testAttributes" time="0.008" /><testcase classname="tests.NamedUser.NamedUser" name="testAttributesOfOtherUser" time="0.009" /><testcase classname="tests.NamedUser.NamedUser" name="testGetEvents" time="0.016" /><testcase classname="tests.NamedUser.NamedUser" name="testGetFollowers" time="0.010" /><testcase classname="tests.NamedUser.NamedUser" name="testGetFollowing" time="0.011" /><testcase classname="tests.NamedUser.NamedUser" name="testGetGists" time="0.018" /><testcase classname="tests.NamedUser.NamedUser" name="testGetKeys" time="0.009" /><testcase classname="tests.NamedUser.NamedUser" name="testGetOrganizationMembership" time="0.012" /><testcase classname="tests.NamedUser.NamedUser" name="testGetOrganizationMembershipNotMember" time="0.009" /><testcase classname="tests.NamedUser.NamedUser" name="testGetOrgs" time="0.008" /><testcase classname="tests.NamedUser.NamedUser" name="testGetPublicEvents" time="0.014" /><testcase classname="tests.NamedUser.NamedUser" name="testGetPublicReceivedEvents" time="0.021" /><testcase classname="tests.NamedUser.NamedUser" name="testGetReceivedEvents" time="0.018" /><testcase classname="tests.NamedUser.NamedUser" name="testGetRepo" time="0.008" /><testcase classname="tests.NamedUser.NamedUser" name="testGetRepos" time="0.016" /><testcase classname="tests.NamedUser.NamedUser" name="testGetReposWithAllArgs" time="0.013" /><testcase classname="tests.NamedUser.NamedUser" name="testGetStarred" time="0.021" /><testcase classname="tests.NamedUser.NamedUser" name="testGetSubscriptions" time="0.014" /><testcase classname="tests.NamedUser.NamedUser" name="testGetWatched" time="0.018" /><testcase classname="tests.NamedUser.NamedUser" name="testHasInFollowing" time="0.008" /><testcase classname="tests.NamedUser.NamedUser" name="testUserEquality" time="0.009" /><testcase classname="tests.NamedUser.OrganizationInvitation" name="testAttributes" time="0.007" /><testcase classname="tests.NamedUser.OrganizationInvitation" name="testCancel" time="0.021" /><testcase classname="tests.NamedUser1430.NamedUser1430" name="testGetProjects" time="0.008" /><testcase classname="tests.Notification.Notification" name="testMarkAsDone" time="0.007" /><testcase classname="tests.Notification.Notification" name="testMarkAsRead" time="0.008" /><testcase classname="tests.Organization.Organization" name="testAddMembersAdminRole" time="0.027" /><testcase classname="tests.Organization.Organization" name="testAddMembersDefaultRole" time="0.024" /><testcase classname="tests.Organization.Organization" name="testAttachDetachSecurityConfig" time="0.023" /><testcase classname="tests.Organization.Organization" name="testAttributes" time="0.004" /><testcase classname="tests.Organization.Organization" name="testCreateActionsSecret" time="0.013" /><testcase classname="tests.Organization.Organization" name="testCreateCodeSecurityConfigs" time="0.010" /><testcase classname="tests.Organization.Organization" name="testCreateCustomProperties" time="0.008" /><testcase classname="tests.Organization.Organization" name="testCreateCustomProperty" time="0.007" /><testcase classname="tests.Organization.Organization" name="testCreateCustomPropertyValues" time="0.009" /><testcase classname="tests.Organization.Organization" name="testCreateDependabotSecret" time="0.014" /><testcase classname="tests.Organization.Organization" name="testCreateDependabotSecretSelected" time="0.025" /><testcase classname="tests.Organization.Organization" name="testCreateFork" time="0.011" /><testcase classname="tests.Organization.Organization" name="testCreateHookWithAllParameters" time="0.006" /><testcase classname="tests.Organization.Organization" name="testCreateHookWithMinimalParameters" time="0.007" /><testcase classname="tests.Organization.Organization" name="testCreateMigration" time="0.010" /><testcase classname="tests.Organization.Organization" name="testCreateRepoFromTemplate" time="0.012" /><testcase classname="tests.Organization.Organization" name="testCreateRepoFromTemplateWithAllArguments" time="0.012" /><testcase classname="tests.Organization.Organization" name="testCreateRepoWithAllArguments" time="0.010" /><testcase classname="tests.Organization.Organization" name="testCreateRepoWithMinimalArguments" time="0.007" /><testcase classname="tests.Organization.Organization" name="testCreateRepositoryWithAutoInit" time="0.007" /><testcase classname="tests.Organization.Organization" name="testCreateSecretSelected" time="0.020" /><testcase classname="tests.Organization.Organization" name="testCreateTeam" time="0.006" /><testcase classname="tests.Organization.Organization" name="testCreateTeamWithAllArguments" time="0.015" /><testcase classname="tests.Organization.Organization" name="testCreateVariable" time="0.007" /><testcase classname="tests.Organization.Organization" name="testCreateVariableSelected" time="0.018" /><testcase classname="tests.Organization.Organization" name="testDeleteHook" time="0.008" /><testcase classname="tests.Organization.Organization" name="testEditHookWithAllParameters" time="0.008" /><testcase classname="tests.Organization.Organization" name="testEditHookWithMinimalParameters" time="0.008" /><testcase classname="tests.Organization.Organization" name="testEditWithAllArguments" time="0.010" /><testcase classname="tests.Organization.Organization" name="testEditWithoutArguments" time="0.011" /><testcase classname="tests.Organization.Organization" name="testGetCodeSecurityConfig" time="0.010" /><testcase classname="tests.Organization.Organization" name="testGetCodeSecurityConfigs" time="0.014" /><testcase classname="tests.Organization.Organization" name="testGetCustomProperties" time="0.013" /><testcase classname="tests.Organization.Organization" name="testGetCustomProperty" time="0.013" /><testcase classname="tests.Organization.Organization" name="testGetDependabotAlerts" time="0.028" /><testcase classname="tests.Organization.Organization" name="testGetDependabotAlertsWithAllArguments" time="0.017" /><testcase classname="tests.Organization.Organization" name="testGetDependabotSecrets" time="0.015" /><testcase classname="tests.Organization.Organization" name="testGetEvents" time="0.034" /><testcase classname="tests.Organization.Organization" name="testGetHook" time="0.014" /><testcase classname="tests.Organization.Organization" name="testGetHookDeliveries" time="0.014" /><testcase classname="tests.Organization.Organization" name="testGetHookDelivery" time="0.015" /><testcase classname="tests.Organization.Organization" name="testGetHooks" time="0.014" /><testcase classname="tests.Organization.Organization" name="testGetInstallations" time="0.014" /><testcase classname="tests.Organization.Organization" name="testGetIssues" time="0.016" /><testcase classname="tests.Organization.Organization" name="testGetIssuesWithAllArguments" time="0.035" /><testcase classname="tests.Organization.Organization" name="testGetMembers" time="0.016" /><testcase classname="tests.Organization.Organization" name="testGetMigrations" time="0.022" /><testcase classname="tests.Organization.Organization" name="testGetOutsideCollaborators" time="0.017" /><testcase classname="tests.Organization.Organization" name="testGetPublicMembers" time="0.014" /><testcase classname="tests.Organization.Organization" name="testGetRepos" time="0.016" /><testcase classname="tests.Organization.Organization" name="testGetReposForCodeSecurityConfig" time="0.018" /><testcase classname="tests.Organization.Organization" name="testGetReposSorted" time="0.017" /><testcase classname="tests.Organization.Organization" name="testGetReposWithType" time="0.017" /><testcase classname="tests.Organization.Organization" name="testGetSecret" time="0.036" /><testcase classname="tests.Organization.Organization" name="testGetSecrets" time="0.014" /><testcase classname="tests.Organization.Organization" name="testGetSecretsFail" time="0.008" /><testcase classname="tests.Organization.Organization" name="testGetSelfHostedRunners" time="0.014" /><testcase classname="tests.Organization.Organization" name="testGetTeamBySlug" time="0.014" /><testcase classname="tests.Organization.Organization" name="testGetTeams" time="0.013" /><testcase classname="tests.Organization.Organization" name="testGetVariable" time="0.032" /><testcase classname="tests.Organization.Organization" name="testGetVariables" time="0.014" /><testcase classname="tests.Organization.Organization" name="testInviteUserAsNonOwner" time="0.014" /><testcase classname="tests.Organization.Organization" name="testInviteUserByEmail" time="0.017" /><testcase classname="tests.Organization.Organization" name="testInviteUserByName" time="0.019" /><testcase classname="tests.Organization.Organization" name="testInviteUserWithBoth" time="0.014" /><testcase classname="tests.Organization.Organization" name="testInviteUserWithNeither" time="0.008" /><testcase classname="tests.Organization.Organization" name="testInviteUserWithRoleAndTeam" time="0.020" /><testcase classname="tests.Organization.Organization" name="testListCustomPropertyValues" time="0.015" /><testcase classname="tests.Organization.Organization" name="testMembers" time="0.034" /><testcase classname="tests.Organization.Organization" name="testOrgGetSecretAssertion" time="0.017" /><testcase classname="tests.Organization.Organization" name="testOrgSecretEdit" time="0.042" /><testcase classname="tests.Organization.Organization" name="testOutsideCollaborators" time="0.052" /><testcase classname="tests.Organization.Organization" name="testPublicMembers" time="0.042" /><testcase classname="tests.Organization.Organization" name="testRemoveCustomProperty" time="0.027" /><testcase classname="tests.Organization.Organization" name="testSetDefaultCodeSecurityConfig" time="0.020" /><testcase classname="tests.Organization1437.Organization1437" name="testCreateProject" time="0.013" /><testcase classname="tests.OrganizationHasInMembers.OrganizationHasInMembers" name="testHasInMembers" time="0.024" /><testcase classname="tests.PaginatedList.PaginatedList" name="testCustomPerPage" time="0.508" /><testcase classname="tests.PaginatedList.PaginatedList" name="testCustomPerPageIteration" time="0.061" /><testcase classname="tests.PaginatedList.PaginatedList" name="testCustomPerPageReversedIteration" time="0.070" /><testcase classname="tests.PaginatedList.PaginatedList" name="testCustomPerPageWithGetPage" time="0.116" /><testcase classname="tests.PaginatedList.PaginatedList" name="testCustomPerPageWithNoUrlParams" time="0.019" /><testcase classname="tests.PaginatedList.PaginatedList" name="testCustomPerPageWithNoUrlParams2" time="0.149" /><testcase classname="tests.PaginatedList.PaginatedList" name="testGetFirstPage" time="0.046" /><testcase classname="tests.PaginatedList.PaginatedList" name="testGetThirdPage" time="0.049" /><testcase classname="tests.PaginatedList.PaginatedList" name="testGettingTheReversedListDoesNotModifyTheOriginalList" time="0.145" /><testcase classname="tests.PaginatedList.PaginatedList" name="testGraphQlPagination" time="0.073" /><testcase classname="tests.PaginatedList.PaginatedList" name="testIntIndexingAfterIteration" time="0.339" /><testcase classname="tests.PaginatedList.PaginatedList" name="testIntIndexingInFirstPage" time="0.049" /><testcase classname="tests.PaginatedList.PaginatedList" name="testIntIndexingInThirdPage" time="0.090" /><testcase classname="tests.PaginatedList.PaginatedList" name="testInterruptedIteration" time="0.172" /><testcase classname="tests.PaginatedList.PaginatedList" name="testInterruptedIterationInSlice" time="0.081" /><testcase classname="tests.PaginatedList.PaginatedList" name="testIsApiType" time="0.020" /><testcase classname="tests.PaginatedList.PaginatedList" name="testIteration" time="0.413" /><testcase classname="tests.PaginatedList.PaginatedList" name="testIterationWithPrefetchedFirstPage" time="0.057" /><testcase classname="tests.PaginatedList.PaginatedList" name="testMergeDicts" time="0.020" /><testcase classname="tests.PaginatedList.PaginatedList" name="testNoFirstPage" time="0.049" /><testcase classname="tests.PaginatedList.PaginatedList" name="testOverrideAttributes" time="0.044" /><testcase classname="tests.PaginatedList.PaginatedList" name="testReversedIterationSupportsBuiltinReversed" time="0.069" /><testcase classname="tests.PaginatedList.PaginatedList" name="testReversedIterationSupportsIterator" time="0.050" /><testcase classname="tests.PaginatedList.PaginatedList" name="testReversedIterationWithMultiplePages" time="0.069" /><testcase classname="tests.PaginatedList.PaginatedList" name="testReversedIterationWithSinglePage" time="0.065" /><testcase classname="tests.PaginatedList.PaginatedList" name="testSeveralIterations" time="0.327" /><testcase classname="tests.PaginatedList.PaginatedList" name="testSliceIndexingInFirstPage" time="0.053" /><testcase classname="tests.PaginatedList.PaginatedList" name="testSliceIndexingUntilEnd" time="0.361" /><testcase classname="tests.PaginatedList.PaginatedList" name="testSliceIndexingUntilFourthPage" time="0.144" /><testcase classname="tests.PaginatedList.PaginatedList" name="testTotalCountWithDictionary" time="0.058" /><testcase classname="tests.PaginatedList.PaginatedList" name="testTotalCountWithNoLastPage" time="0.032" /><testcase classname="tests.Permissions.Permissions" name="testUserRepoPermissionAttributes" time="0.010" /><testcase classname="tests.Permissions.Permissions" name="testUserRepoPermissionRepresentation" time="0.009" /><testcase classname="tests.Persistence.Persistence" name="testLoad" time="0.013" /><testcase classname="tests.Persistence.Persistence" name="testLoadAndUpdate" time="0.018" /><testcase classname="tests.Pickle.Pickle" name="testPickleAuth" time="0.008" /><testcase classname="tests.Pickle.Pickle" name="testPickleAuthSetup" time="0.002" /><testcase classname="tests.Pickle.Pickle" name="testPickleGithub" time="0.002" /><testcase classname="tests.Pickle.Pickle" name="testPicklePaginatedList" time="0.004" /><testcase classname="tests.Pickle.Pickle" name="testPickleRepository" time="0.010" /><testcase classname="tests.PoolSize.PoolSize" name="testReturnsRepoAfterSettingPoolSize" time="0.010" /><testcase classname="tests.PoolSize.PoolSize" name="testReturnsRepoAfterSettingPoolSizeHttp" time="0.009" /><testcase classname="tests.Project.Project" name="testAttributes" time="0.023" /><testcase classname="tests.Project.Project" name="testGetOrganizationProjects" time="0.037" /><testcase classname="tests.Project.Project" name="testGetRepositoryProjects" time="0.029" /><testcase classname="tests.Project1434.Project1434" name="testDelete" time="0.014" /><testcase classname="tests.Project1434.Project1434" name="testEditWithAllParameters" time="0.011" /><testcase classname="tests.Project1434.Project1434" name="testEditWithoutParameters" time="0.014" /><testcase classname="tests.ProjectCard.ProjectCard" name="testAttributes" time="0.143" /><testcase classname="tests.ProjectCard.ProjectCard" name="testCreateFromIssue" time="0.089" /><testcase classname="tests.ProjectCard.ProjectCard" name="testCreateWithNote" time="0.070" /><testcase classname="tests.ProjectCard.ProjectCard" name="testDelete" time="0.055" /><testcase classname="tests.ProjectCard.ProjectCard" name="testEditArchived" time="0.064" /><testcase classname="tests.ProjectCard.ProjectCard" name="testEditNote" time="0.064" /><testcase classname="tests.ProjectCard.ProjectCard" name="testEditWithoutParameters" time="0.063" /><testcase classname="tests.ProjectCard.ProjectCard" name="testGetAll" time="0.099" /><testcase classname="tests.ProjectCard.ProjectCard" name="testGetContent" time="0.070" /><testcase classname="tests.ProjectCard.ProjectCard" name="testMove" time="0.074" /><testcase classname="tests.ProjectColumn.ProjectColumn" name="testAttributes" time="0.024" /><testcase classname="tests.ProjectColumn.ProjectColumn" name="testCreate" time="0.059" /><testcase classname="tests.ProjectColumn.ProjectColumn" name="testCreateCard" time="0.035" /><testcase classname="tests.ProjectColumn.ProjectColumn" name="testDelete" time="0.039" /><testcase classname="tests.ProjectColumn.ProjectColumn" name="testEdit" time="0.033" /><testcase classname="tests.ProjectColumn.ProjectColumn" name="testGetAllCards" time="0.040" /><testcase classname="tests.ProjectColumn.ProjectColumn" name="testGetArchivedCards" time="0.044" /><testcase classname="tests.ProjectColumn.ProjectColumn" name="testGetCards" time="0.051" /><testcase classname="tests.ProjectColumn.ProjectColumn" name="testGetNotArchivedCards" time="0.043" /><testcase classname="tests.ProjectColumn.ProjectColumn" name="testGetProjectColumn" time="0.039" /><testcase classname="tests.ProjectColumn.ProjectColumn" name="testMoveAfter" time="0.048" /><testcase classname="tests.ProjectColumn.ProjectColumn" name="testMoveFirst" time="0.032" /><testcase classname="tests.ProjectColumn.ProjectColumn" name="testMoveLast" time="0.033" /><testcase classname="tests.PublicKey.PublicKey" name="testAttributes" time="0.020" /><testcase classname="tests.PublicKey.PublicKey" name="testAttributes_with_int_key_id" time="0.020" /><testcase classname="tests.PullRequest.PullRequest" name="testAddAndRemoveAssignees" time="0.124" /><testcase classname="tests.PullRequest.PullRequest" name="testAddAndRemoveLabels" time="0.186" /><testcase classname="tests.PullRequest.PullRequest" name="testAddAndRemoveLabelsWithStringArguments" time="0.154" /><testcase classname="tests.PullRequest.PullRequest" name="testAttributes" time="0.119" /><testcase classname="tests.PullRequest.PullRequest" name="testAttributesIssue256" time="0.150" /><testcase classname="tests.PullRequest.PullRequest" name="testConvertToDraft" time="0.132" /><testcase classname="tests.PullRequest.PullRequest" name="testCreateComment" time="0.116" /><testcase classname="tests.PullRequest.PullRequest" name="testCreateIssueComment" time="0.107" /><testcase classname="tests.PullRequest.PullRequest" name="testCreateMultilineReviewComment" time="0.118" /><testcase classname="tests.PullRequest.PullRequest" name="testCreateMultilineReviewCommentAsSuggestion" time="0.131" /><testcase classname="tests.PullRequest.PullRequest" name="testCreateMultilineReviewCommentChoosingSide" time="0.131" /><testcase classname="tests.PullRequest.PullRequest" name="testCreateReviewCommentInReplyTo" time="0.131" /><testcase classname="tests.PullRequest.PullRequest" name="testCreateReviewCommentSubjectType" time="0.125" /><testcase classname="tests.PullRequest.PullRequest" name="testDeleteAndSetLabels" time="0.172" /><testcase classname="tests.PullRequest.PullRequest" name="testDeleteAndSetLabelsWithStringArguments" time="0.134" /><testcase classname="tests.PullRequest.PullRequest" name="testDeleteBranch" time="0.167" /><testcase classname="tests.PullRequest.PullRequest" name="testDeleteOnMerge" time="0.135" /><testcase classname="tests.PullRequest.PullRequest" name="testDisableAutomerge" time="0.106" /><testcase classname="tests.PullRequest.PullRequest" name="testEditWithAllArguments" time="0.057" /><testcase classname="tests.PullRequest.PullRequest" name="testEditWithoutArguments" time="0.053" /><testcase classname="tests.PullRequest.PullRequest" name="testEnableAutomerge" time="0.047" /><testcase classname="tests.PullRequest.PullRequest" name="testEnableAutomergeDefaultValues" time="0.045" /><testcase classname="tests.PullRequest.PullRequest" name="testEnableAutomergeError" time="0.049" /><testcase classname="tests.PullRequest.PullRequest" name="testEnableAutomergeNotValidMergeMethod" time="0.042" /><testcase classname="tests.PullRequest.PullRequest" name="testForceDeleteBranch" time="0.061" /><testcase classname="tests.PullRequest.PullRequest" name="testGetComments" time="0.045" /><testcase classname="tests.PullRequest.PullRequest" name="testGetCommits" time="0.045" /><testcase classname="tests.PullRequest.PullRequest" name="testGetFiles" time="0.048" /><testcase classname="tests.PullRequest.PullRequest" name="testGetIssueComment" time="0.047" /><testcase classname="tests.PullRequest.PullRequest" name="testGetIssueComments" time="0.047" /><testcase classname="tests.PullRequest.PullRequest" name="testGetIssueEvents" time="0.049" /><testcase classname="tests.PullRequest.PullRequest" name="testGetIssueTimeline" time="0.048" /><testcase classname="tests.PullRequest.PullRequest" name="testGetLabels" time="0.046" /><testcase classname="tests.PullRequest.PullRequest" name="testGetReviewComments" time="0.046" /><testcase classname="tests.PullRequest.PullRequest" name="testMarkReadyForReview" time="0.049" /><testcase classname="tests.PullRequest.PullRequest" name="testMerge" time="0.049" /><testcase classname="tests.PullRequest.PullRequest" name="testMergeWithCommitMessage" time="0.048" /><testcase classname="tests.PullRequest.PullRequest" name="testRestoreBranch" time="0.057" /><testcase classname="tests.PullRequest.PullRequest" name="testReviewRequests" time="0.068" /><testcase classname="tests.PullRequest.PullRequest" name="testUpdateBranch" time="0.054" /><testcase classname="tests.PullRequest1168.PullRequest1168" name="testGetIssue" time="0.014" /><testcase classname="tests.PullRequest1168.PullRequest1168" name="testGetPullRequest" time="0.013" /><testcase classname="tests.PullRequest1169.PullRequest1169" name="testReviewApproveWithoutBody" time="0.009" /><testcase classname="tests.PullRequest1375.PullRequest1375" name="testCreateReviewCommentReply" time="0.018" /><testcase classname="tests.PullRequest1682.PullRequest1682" name="test_no_parameters" time="0.040" /><testcase classname="tests.PullRequest1682.PullRequest1682" name="test_object_parameters" time="0.023" /><testcase classname="tests.PullRequest1682.PullRequest1682" name="test_string_parameters" time="0.100" /><testcase classname="tests.PullRequest1684.PullRequest1684" name="testDeleteRunnerId" time="0.019" /><testcase classname="tests.PullRequest1684.PullRequest1684" name="testDeleteRunnerObject" time="0.023" /><testcase classname="tests.PullRequest1684.PullRequest1684" name="testGetRunners" time="0.014" /><testcase classname="tests.PullRequest2408.PullRequest2408" name="test_get_workflow_runs" time="0.100" /><testcase classname="tests.PullRequestComment.PullRequestComment" name="testAttributes" time="0.012" /><testcase classname="tests.PullRequestComment.PullRequestComment" name="testCreateReaction" time="0.014" /><testcase classname="tests.PullRequestComment.PullRequestComment" name="testDelete" time="0.015" /><testcase classname="tests.PullRequestComment.PullRequestComment" name="testDeleteReaction" time="0.015" /><testcase classname="tests.PullRequestComment.PullRequestComment" name="testEdit" time="0.013" /><testcase classname="tests.PullRequestComment.PullRequestComment" name="testGetReactions" time="0.014" /><testcase classname="tests.PullRequestFile.PullRequestFile" name="testAttributes" time="0.019" /><testcase classname="tests.PullRequestReview.PullRequestReview" name="testAttributes" time="0.019" /><testcase classname="tests.PullRequestReview.PullRequestReview" name="testDismiss" time="0.018" /><testcase classname="tests.PullRequestReview.PullRequestReview" name="testDoesNotModifyPullRequest" time="0.014" /><testcase classname="tests.PullRequestReview.PullRequestReview" name="testEdit" time="0.016" /><testcase classname="tests.PullRequestReview1856.PullRequestReview1856" name="testDelete" time="0.018" /><testcase classname="tests.RateLimitOverview.RateLimitOverview" name="testAttributes" time="0.004" /><testcase classname="tests.RateLimiting.RateLimiting" name="testGetRateLimit" time="0.005" /><testcase classname="tests.RateLimiting.RateLimiting" name="testRateLimiting" time="0.007" /><testcase classname="tests.RateLimiting.RateLimiting" name="testResetTime" time="0.004" /><testcase classname="tests.RawData.RawData" name="testCompletedObject" time="0.004" /><testcase classname="tests.RawData.RawData" name="testCreateObjectFromRawData" time="0.002" /><testcase classname="tests.RawData.RawData" name="testNonCompletableObject" time="0.004" /><testcase classname="tests.RawData.RawData" name="testNotYetCompletedObject" time="0.008" /><testcase classname="tests.Reaction.Reaction" name="testAttributes" time="0.013" /><testcase classname="tests.Reaction.Reaction" name="testDelete" time="0.016" /><testcase classname="tests.ReleaseAsset.ReleaseAsset" name="testAttributes" time="0.013" /><testcase classname="tests.ReleaseAsset.ReleaseAsset" name="testDelete" time="0.015" /><testcase classname="tests.ReleaseAsset.ReleaseAsset" name="testUpdate" time="0.018" /><testcase classname="tests.Repository.Repository" name="testAddToCollaboratorsCustomRole" time="0.009" /><testcase classname="tests.Repository.Repository" name="testAssignees" time="0.028" /><testcase classname="tests.Repository.Repository" name="testAttributes" time="0.006" /><testcase classname="tests.Repository.Repository" name="testBadSubscribePubSubHubbub" time="0.006" /><testcase classname="tests.Repository.Repository" name="testCodeScanAlerts" time="0.010" /><testcase classname="tests.Repository.Repository" name="testCollaboratorPermission" time="0.007" /><testcase classname="tests.Repository.Repository" name="testCollaboratorPermissionNoPushAccess" time="0.006" /><testcase classname="tests.Repository.Repository" name="testCollaboratorRoleName" time="0.007" /><testcase classname="tests.Repository.Repository" name="testCollaborators" time="0.019" /><testcase classname="tests.Repository.Repository" name="testCompare" time="0.009" /><testcase classname="tests.Repository.Repository" name="testCompareCommitPagination" time="0.033" /><testcase classname="tests.Repository.Repository" name="testCreateAutolink" time="0.006" /><testcase classname="tests.Repository.Repository" name="testCreateDeployment" time="0.007" /><testcase classname="tests.Repository.Repository" name="testCreateFile" time="0.007" /><testcase classname="tests.Repository.Repository" name="testCreateFork" time="0.010" /><testcase classname="tests.Repository.Repository" name="testCreateForkOrg" time="0.009" /><testcase classname="tests.Repository.Repository" name="testCreateGitBlob" time="0.006" /><testcase classname="tests.Repository.Repository" name="testCreateGitCommit" time="0.008" /><testcase classname="tests.Repository.Repository" name="testCreateGitCommitWithAllArguments" time="0.008" /><testcase classname="tests.Repository.Repository" name="testCreateGitCommitWithParents" time="0.014" /><testcase classname="tests.Repository.Repository" name="testCreateGitRef" time="0.006" /><testcase classname="tests.Repository.Repository" name="testCreateGitRelease" time="0.006" /><testcase classname="tests.Repository.Repository" name="testCreateGitReleaseGenerateReleaseNotes" time="0.006" /><testcase classname="tests.Repository.Repository" name="testCreateGitReleaseWithAllArguments" time="0.014" /><testcase classname="tests.Repository.Repository" name="testCreateGitTag" time="0.006" /><testcase classname="tests.Repository.Repository" name="testCreateGitTagWithAllArguments" time="0.006" /><testcase classname="tests.Repository.Repository" name="testCreateGitTree" time="0.006" /><testcase classname="tests.Repository.Repository" name="testCreateGitTreeWithBaseTree" time="0.008" /><testcase classname="tests.Repository.Repository" name="testCreateGitTreeWithNullSha" time="0.006" /><testcase classname="tests.Repository.Repository" name="testCreateGitTreeWithSha" time="0.006" /><testcase classname="tests.Repository.Repository" name="testCreateHookWithAllParameters" time="0.006" /><testcase classname="tests.Repository.Repository" name="testCreateHookWithMinimalParameters" time="0.006" /><testcase classname="tests.Repository.Repository" name="testCreateIssue" time="0.006" /><testcase classname="tests.Repository.Repository" name="testCreateIssueWithAllArguments" time="0.013" /><testcase classname="tests.Repository.Repository" name="testCreateIssueWithAllArgumentsStringLabel" time="0.010" /><testcase classname="tests.Repository.Repository" name="testCreateKey" time="0.006" /><testcase classname="tests.Repository.Repository" name="testCreateLabel" time="0.006" /><testcase classname="tests.Repository.Repository" name="testCreateMilestone" time="0.006" /><testcase classname="tests.Repository.Repository" name="testCreateMilestoneWithMinimalArguments" time="0.007" /><testcase classname="tests.Repository.Repository" name="testCreateProject" time="0.009" /><testcase classname="tests.Repository.Repository" name="testCreatePull" time="0.009" /><testcase classname="tests.Repository.Repository" name="testCreatePullFromIssue" time="0.009" /><testcase classname="tests.Repository.Repository" name="testCreateRepoActionsSecret" time="0.012" /><testcase classname="tests.Repository.Repository" name="testCreateRepoDependabotSecret" time="0.011" /><testcase classname="tests.Repository.Repository" name="testCreateRepositoryDispatch" time="0.008" /><testcase classname="tests.Repository.Repository" name="testCreateSourceImport" time="0.011" /><testcase classname="tests.Repository.Repository" name="testDelete" time="0.010" /><testcase classname="tests.Repository.Repository" name="testDeleteFile" time="0.008" /><testcase classname="tests.Repository.Repository" name="testEditWithAllArguments" time="0.008" /><testcase classname="tests.Repository.Repository" name="testEditWithDefaultBranch" time="0.006" /><testcase classname="tests.Repository.Repository" name="testEditWithoutArguments" time="0.006" /><testcase classname="tests.Repository.Repository" name="testGetArchiveLink" time="0.013" /><testcase classname="tests.Repository.Repository" name="testGetAutolinks" time="0.006" /><testcase classname="tests.Repository.Repository" name="testGetBranch" time="0.006" /><testcase classname="tests.Repository.Repository" name="testGetComments" time="0.006" /><testcase classname="tests.Repository.Repository" name="testGetCommits" time="0.033" /><testcase classname="tests.Repository.Repository" name="testGetCommitsWithArguments" time="0.008" /><testcase classname="tests.Repository.Repository" name="testGetCommitsWithAuthor" time="0.019" /><testcase classname="tests.Repository.Repository" name="testGetCommitsWithSinceUntil" time="0.024" /><testcase classname="tests.Repository.Repository" name="testGetContents" time="0.008" /><testcase classname="tests.Repository.Repository" name="testGetContentsDir" time="0.007" /><testcase classname="tests.Repository.Repository" name="testGetContentsDirWithSlash" time="0.006" /><testcase classname="tests.Repository.Repository" name="testGetContentsWithRef" time="0.009" /><testcase classname="tests.Repository.Repository" name="testGetContributors" time="0.006" /><testcase classname="tests.Repository.Repository" name="testGetCustomProperties" time="0.006" /><testcase classname="tests.Repository.Repository" name="testGetDeployments" time="0.006" /><testcase classname="tests.Repository.Repository" name="testGetDiscussion" time="0.009" /><testcase classname="tests.Repository.Repository" name="testGetDiscussions" time="0.024" /><testcase classname="tests.Repository.Repository" name="testGetDiscussionsByAnswered" time="0.009" /><testcase classname="tests.Repository.Repository" name="testGetDiscussionsByCategory" time="0.009" /><testcase classname="tests.Repository.Repository" name="testGetDiscussionsByStates" time="0.009" /><testcase classname="tests.Repository.Repository" name="testGetDownloads" time="0.006" /><testcase classname="tests.Repository.Repository" name="testGetEvents" time="0.010" /><testcase classname="tests.Repository.Repository" name="testGetForks" time="0.006" /><testcase classname="tests.Repository.Repository" name="testGetGitRef" time="0.006" /><testcase classname="tests.Repository.Repository" name="testGetGitRefWithIssue102Reverted" time="0.006" /><testcase classname="tests.Repository.Repository" name="testGetGitRefs" time="0.006" /><testcase classname="tests.Repository.Repository" name="testGetGitTreeWithRecursive" time="0.008" /><testcase classname="tests.Repository.Repository" name="testGetHookDeliveries" time="0.006" /><testcase classname="tests.Repository.Repository" name="testGetHookDelivery" time="0.006" /><testcase classname="tests.Repository.Repository" name="testGetHooks" time="0.006" /><testcase classname="tests.Repository.Repository" name="testGetIssues" time="0.011" /><testcase classname="tests.Repository.Repository" name="testGetIssuesComments" time="0.038" /><testcase classname="tests.Repository.Repository" name="testGetIssuesEvents" time="0.018" /><testcase classname="tests.Repository.Repository" name="testGetIssuesWithArguments" time="0.037" /><testcase classname="tests.Repository.Repository" name="testGetIssuesWithWildcards" time="0.022" /><testcase classname="tests.Repository.Repository" name="testGetKeys" time="0.006" /><testcase classname="tests.Repository.Repository" name="testGetLabel" time="0.006" /><testcase classname="tests.Repository.Repository" name="testGetLabels" time="0.006" /><testcase classname="tests.Repository.Repository" name="testGetLanguages" time="0.006" /><testcase classname="tests.Repository.Repository" name="testGetLicense" time="0.007" /><testcase classname="tests.Repository.Repository" name="testGetMatchingRefs" time="0.019" /><testcase classname="tests.Repository.Repository" name="testGetMilestones" time="0.007" /><testcase classname="tests.Repository.Repository" name="testGetMilestonesWithArguments" time="0.007" /><testcase classname="tests.Repository.Repository" name="testGetNetworkEvents" time="0.011" /><testcase classname="tests.Repository.Repository" name="testGetPendingInvitations" time="0.011" /><testcase classname="tests.Repository.Repository" name="testGetPulls" time="0.008" /><testcase classname="tests.Repository.Repository" name="testGetPullsComments" time="0.013" /><testcase classname="tests.Repository.Repository" name="testGetPullsWithArguments" time="0.007" /><testcase classname="tests.Repository.Repository" name="testGetRepositoryWith301Redirect" time="0.009" /><testcase classname="tests.Repository.Repository" name="testGetSourceImport" time="0.011" /><testcase classname="tests.Repository.Repository" name="testGetStargazers" time="0.013" /><testcase classname="tests.Repository.Repository" name="testGetStargazersWithDates" time="0.012" /><testcase classname="tests.Repository.Repository" name="testGetSubscribers" time="0.007" /><testcase classname="tests.Repository.Repository" name="testGetTeams" time="0.011" /><testcase classname="tests.Repository.Repository" name="testGetTopics" time="0.006" /><testcase classname="tests.Repository.Repository" name="testGetWatchers" time="0.006" /><testcase classname="tests.Repository.Repository" name="testGetWorkflowId" time="0.009" /><testcase classname="tests.Repository.Repository" name="testGetWorkflowRuns" time="0.012" /><testcase classname="tests.Repository.Repository" name="testGetWorkflowRunsCreated" time="0.011" /><testcase classname="tests.Repository.Repository" name="testGetWorkflows" time="0.008" /><testcase classname="tests.Repository.Repository" name="testLegacySearchIssues" time="0.006" /><testcase classname="tests.Repository.Repository" name="testMarkNotificationsAsRead" time="0.012" /><testcase classname="tests.Repository.Repository" name="testMergeUpstreamFailure" time="0.012" /><testcase classname="tests.Repository.Repository" name="testMergeUpstreamSuccess" time="0.012" /><testcase classname="tests.Repository.Repository" name="testMergeWithConflict" time="0.006" /><testcase classname="tests.Repository.Repository" name="testMergeWithMessage" time="0.006" /><testcase classname="tests.Repository.Repository" name="testMergeWithNothingToDo" time="0.008" /><testcase classname="tests.Repository.Repository" name="testMergeWithoutMessage" time="0.008" /><testcase classname="tests.Repository.Repository" name="testRemoveAutolink" time="0.007" /><testcase classname="tests.Repository.Repository" name="testRemoveInvitation" time="0.006" /><testcase classname="tests.Repository.Repository" name="testRenameBranchObject" time="0.010" /><testcase classname="tests.Repository.Repository" name="testRenameBranchString" time="0.006" /><testcase classname="tests.Repository.Repository" name="testReplaceTopics" time="0.006" /><testcase classname="tests.Repository.Repository" name="testRepoGetSecretAssertion" time="0.007" /><testcase classname="tests.Repository.Repository" name="testRepoSecrets" time="0.028" /><testcase classname="tests.Repository.Repository" name="testRepoVariable" time="0.011" /><testcase classname="tests.Repository.Repository" name="testRepoVariables" time="0.022" /><testcase classname="tests.Repository.Repository" name="testStatisticsCodeFrequency" time="2.014" /><testcase classname="tests.Repository.Repository" name="testStatisticsCommitActivity" time="2.012" /><testcase classname="tests.Repository.Repository" name="testStatisticsContributors" time="2.066" /><testcase classname="tests.Repository.Repository" name="testStatisticsParticipation" time="2.012" /><testcase classname="tests.Repository.Repository" name="testStatisticsPunchCard" time="2.014" /><testcase classname="tests.Repository.Repository" name="testSubscribePubSubHubbub" time="0.006" /><testcase classname="tests.Repository.Repository" name="testTransferOwnership" time="0.006" /><testcase classname="tests.Repository.Repository" name="testTransferOwnershipInvalidOwner" time="0.006" /><testcase classname="tests.Repository.Repository" name="testUnsubscribePubSubHubbub" time="0.008" /><testcase classname="tests.Repository.Repository" name="testUpdateCustomProperties" time="0.007" /><testcase classname="tests.Repository.Repository" name="testUpdateFile" time="0.009" /><testcase classname="tests.Repository.LazyRepository" name="testChangeAutomateFixWhenNoVulnerabilityAlert" time="0.005" /><testcase classname="tests.Repository.LazyRepository" name="testDisableAutomatedSecurityFixes" time="0.005" /><testcase classname="tests.Repository.LazyRepository" name="testDisableVulnerabilityAlert" time="0.005" /><testcase classname="tests.Repository.LazyRepository" name="testEnableAutomatedSecurityFixes" time="0.005" /><testcase classname="tests.Repository.LazyRepository" name="testEnableVulnerabilityAlert" time="0.005" /><testcase classname="tests.Repository.LazyRepository" name="testGetIssues" time="0.009" /><testcase classname="tests.Repository.LazyRepository" name="testGetVulnerabilityAlert" time="0.008" /><testcase classname="tests.Repository.LazyRepository" name="testGetVulnerabilityAlertWhenTurnedOff" time="0.006" /><testcase classname="tests.Repository.LazyRepository" name="testOwner" time="0.008" /><testcase classname="tests.Repository.LazyRepository" name="testRequester" time="0.001" /><testcase classname="tests.RepositoryAdvisory.RepositoryAdvisory" name="testAddVulnerability" time="0.030" /><testcase classname="tests.RepositoryAdvisory.RepositoryAdvisory" name="testAttributes" time="0.016" /><testcase classname="tests.RepositoryAdvisory.RepositoryAdvisory" name="testCreateRepositoryAdvisory" time="0.020" /><testcase classname="tests.RepositoryAdvisory.RepositoryAdvisory" name="testGetAdvisories" time="0.025" /><testcase classname="tests.RepositoryAdvisory.RepositoryAdvisory" name="testOfferCredit" time="0.018" /><testcase classname="tests.RepositoryAdvisory.RepositoryAdvisory" name="testOfferCredits" time="0.020" /><testcase classname="tests.RepositoryAdvisory.RepositoryAdvisory" name="testRemoveCredit" time="0.017" /><testcase classname="tests.RepositoryAdvisory.RepositoryAdvisory" name="testRepositoryWithNoAdvisories" time="0.023" /><testcase classname="tests.RepositoryAdvisory.RepositoryAdvisory" name="testUpdateRepositoryAdvisory" time="0.025" /><testcase classname="tests.RepositoryAdvisory.RepositoryAdvisory" name="testUpdateSingleFieldDoesNotRemoveOtherFields" time="0.022" /><testcase classname="tests.RepositoryDiscussion.RepositoryDiscussion" name="testAddAndDeleteComment" time="0.020" /><testcase classname="tests.RepositoryDiscussion.RepositoryDiscussion" name="testAttributes" time="0.005" /><testcase classname="tests.RepositoryDiscussion.RepositoryDiscussion" name="testGetComments" time="0.009" /><testcase classname="tests.RepositoryDiscussion.RepositoryDiscussion" name="testGetCommentsWithoutNodeId" time="0.006" /><testcase classname="tests.RepositoryKey.RepositoryKey" name="testAttributes" time="0.011" /><testcase classname="tests.RepositoryKey.RepositoryKey" name="testDelete" time="0.012" /><testcase classname="tests.RepositoryKey.RepositoryKey" name="testYetUnusedKey" time="0.010" /><testcase classname="tests.Requester.Requester" name="testAddParametersToUrl" time="0.002" /><testcase classname="tests.Requester.Requester" name="testBaseUrlHostRedirection" time="0.004" /><testcase classname="tests.Requester.Requester" name="testBaseUrlPortRedirection" time="0.004" /><testcase classname="tests.Requester.Requester" name="testBaseUrlPrefixRedirection" time="0.007" /><testcase classname="tests.Requester.Requester" name="testBaseUrlSchemeRedirection" time="0.004" /><testcase classname="tests.Requester.Requester" name="testCloseGithub" time="0.002" /><testcase classname="tests.Requester.Requester" name="testCloseGithubIntegration" time="0.002" /><testcase classname="tests.Requester.Requester" name="testGetParametersOfUrl" time="0.001" /><testcase classname="tests.Requester.Requester" name="testIsPrimaryRateLimitError" time="0.001" /><testcase classname="tests.Requester.Requester" name="testIsRateLimitError" time="0.001" /><testcase classname="tests.Requester.Requester" name="testIsSecondaryRateLimitError" time="0.001" /><testcase classname="tests.Requester.Requester" name="testLoggingRedirection" time="0.009" /><testcase classname="tests.Requester.Requester" name="testRecreation" time="0.001" /><testcase classname="tests.Requester.Requester" name="testShouldCreateBadCredentialsException" time="0.001" /><testcase classname="tests.Requester.Requester" name="testShouldCreateBadUserAgentException" time="0.001" /><testcase classname="tests.Requester.Requester" name="testShouldCreateExceptionWithoutMessage" time="0.045" /><testcase classname="tests.Requester.Requester" name="testShouldCreateExceptionWithoutOutput" time="0.043" /><testcase classname="tests.Requester.Requester" name="testShouldCreateGithubException" time="0.048" /><testcase classname="tests.Requester.Requester" name="testShouldCreateRateLimitExceededException" time="0.002" /><testcase classname="tests.Requester.Requester" name="testShouldCreateTwoFactorException" time="0.001" /><testcase classname="tests.Requester.Requester" name="testShouldCreateUnknownObjectException" time="0.001" /><testcase classname="tests.Requester.Requester" name="testShouldCreateUnknownObjectException2" time="0.001" /><testcase classname="tests.Requester.Requester" name="testShouldCreateUnknownObjectException3" time="0.001" /><testcase classname="tests.Requester.Requester" name="testWithAuth" time="0.001" /><testcase classname="tests.Requester.RequesterUnThrottled" name="testShouldNotDeferRequests" time="0.017" /><testcase classname="tests.Requester.RequesterThrottled" name="testShouldDeferRequests" time="0.016" /><testcase classname="tests.Requester.RequesterThrottled" name="testShouldDeferWrites" time="0.010" /><testcase classname="tests.RequiredPullRequestReviews.RequiredPullRequestReviews" name="testAttributes" time="0.010" /><testcase classname="tests.RequiredPullRequestReviews.RequiredPullRequestReviews" name="testOrganizationOwnedTeam" time="0.022" /><testcase classname="tests.RequiredStatusChecks.RequiredStatusChecks" name="testAttributes" time="0.006" /><testcase classname="tests.Retry.Retry" name="testRaisesRetryErrorAfterMaxRetries" time="0.005" /><testcase classname="tests.Retry.Retry" name="testReturnsRepoAfter1Retry" time="0.005" /><testcase classname="tests.Retry.Retry" name="testReturnsRepoAfter3Retries" time="0.008" /><testcase classname="tests.Retry.Retry" name="testReturnsRepoAfterSettingRetryHttp" time="0.004" /><testcase classname="tests.Retry.Retry" name="testShouldNotRetryWhenStatusNotOnList" time="0.003" /><testcase classname="tests.Search.Search" name="testGetPageOnSearchUsers" time="0.009" /><testcase classname="tests.Search.Search" name="testPaginateSearchTopics" time="0.004" /><testcase classname="tests.Search.Search" name="testPaginateSearchUsers" time="0.010" /><testcase classname="tests.Search.Search" name="testSearchCode" time="0.011" /><testcase classname="tests.Search.Search" name="testSearchCommits" time="0.011" /><testcase classname="tests.Search.Search" name="testSearchCommitsOrder" time="0.006" /><testcase classname="tests.Search.Search" name="testSearchHighlightingCode" time="0.005" /><testcase classname="tests.Search.Search" name="testSearchIssues" time="0.058" /><testcase classname="tests.Search.Search" name="testSearchRepos" time="0.030" /><testcase classname="tests.Search.Search" name="testSearchReposWithNoResults" time="0.003" /><testcase classname="tests.Search.Search" name="testSearchTopics" time="0.004" /><testcase classname="tests.Search.Search" name="testSearchUsers" time="0.004" /><testcase classname="tests.Search.Search" name="testUrlquotingOfQualifiers" time="0.005" /><testcase classname="tests.Search.Search" name="testUrlquotingOfQuery" time="0.005" /><testcase classname="tests.SecurityAndAnalysis.SecurityAndAnalysis" name="testAttributes" time="0.005" /><testcase classname="tests.SecurityAndAnalysis.SecurityAndAnalysis" name="testRepresentation" time="0.004" /><testcase classname="tests.SelfHostedActionsRunner.SelfHostedActionsRunner" name="testAttributes" time="0.009" /><testcase classname="tests.SourceImport.SourceImport" name="testAttributes" time="0.013" /><testcase classname="tests.SourceImport.SourceImport" name="testUpdate" time="0.010" /><testcase classname="tests.SubIssue.SubIssue" name="testAddSubIssue" time="0.020" /><testcase classname="tests.SubIssue.SubIssue" name="testListSubIssues" time="0.007" /><testcase classname="tests.SubIssue.SubIssue" name="testPrioritizeSubIssue" time="0.021" /><testcase classname="tests.SubIssue.SubIssue" name="testRemoveSubIssue" time="0.019" /><testcase classname="tests.Tag.Tag" name="testAttributes" time="0.009" /><testcase classname="tests.Team.Team" name="testAttributes" time="0.007" /><testcase classname="tests.Team.Team" name="testDelete" time="0.007" /><testcase classname="tests.Team.Team" name="testDiscussions" time="0.008" /><testcase classname="tests.Team.Team" name="testEditWithAllArguments" time="0.009" /><testcase classname="tests.Team.Team" name="testEditWithoutArguments" time="0.009" /><testcase classname="tests.Team.Team" name="testGetTeams" time="0.008" /><testcase classname="tests.Team.Team" name="testMembers" time="0.040" /><testcase classname="tests.Team.Team" name="testRepoPermission" time="0.015" /><testcase classname="tests.Team.Team" name="testRepos" time="0.034" /><testcase classname="tests.Team.Team" name="testTeamMembership" time="0.022" /><testcase classname="tests.Team.Team" name="testUpdateTeamRepository" time="0.010" /><testcase classname="tests.Topic.Topic" name="testAttributes" time="0.005" /><testcase classname="tests.Topic.Topic" name="testNamesFromSearchResults" time="0.005" /><testcase classname="tests.Traffic.Traffic" name="testGetClones" time="0.010" /><testcase classname="tests.Traffic.Traffic" name="testGetPaths" time="0.010" /><testcase classname="tests.Traffic.Traffic" name="testGetReferrers" time="0.009" /><testcase classname="tests.Traffic.Traffic" name="testGetViews" time="0.010" /><testcase classname="tests.UserKey.UserKey" name="testAttributes" time="0.004" /><testcase classname="tests.UserKey.UserKey" name="testDelete" time="0.005" /><testcase classname="tests.Workflow.Workflow" name="testAttributes" time="0.007" /><testcase classname="tests.Workflow.Workflow" name="testCreateDispatchForNonTriggerEnabled" time="0.014" /><testcase classname="tests.Workflow.Workflow" name="testCreateDispatchWithBranch" time="0.021" /><testcase classname="tests.Workflow.Workflow" name="testCreateDispatchWithString" time="0.013" /><testcase classname="tests.Workflow.Workflow" name="testCreateDispatchWithTag" time="0.029" /><testcase classname="tests.Workflow.Workflow" name="testDisable" time="0.013" /><testcase classname="tests.Workflow.Workflow" name="testDisabledWhenAlreadyDisabled" time="0.014" /><testcase classname="tests.Workflow.Workflow" name="testEnable" time="0.014" /><testcase classname="tests.Workflow.Workflow" name="testEnableWhenAlreadyEnabled" time="0.014" /><testcase classname="tests.Workflow.Workflow" name="testGetRunsWithCreated" time="0.009" /><testcase classname="tests.Workflow.Workflow" name="testGetRunsWithHeadSha" time="0.009" /><testcase classname="tests.Workflow.Workflow" name="testGetRunsWithNoArguments" time="0.011" /><testcase classname="tests.Workflow.Workflow" name="testGetRunsWithObjects" time="0.019" /><testcase classname="tests.Workflow.Workflow" name="testGetRunsWithStrings" time="0.013" /><testcase classname="tests.WorkflowJob.WorkflowJob" name="testAttributes" time="0.015" /><testcase classname="tests.WorkflowRun.WorkflowRun" name="testAttributes" time="0.008" /><testcase classname="tests.WorkflowRun.WorkflowRun" name="test_cancel" time="0.013" /><testcase classname="tests.WorkflowRun.WorkflowRun" name="test_delete" time="0.012" /><testcase classname="tests.WorkflowRun.WorkflowRun" name="test_jobs" time="0.011" /><testcase classname="tests.WorkflowRun.WorkflowRun" name="test_rerun" time="0.013" /><testcase classname="tests.WorkflowRun.WorkflowRun" name="test_rerun_failed_jobs" time="0.012" /><testcase classname="tests.WorkflowRun.WorkflowRun" name="test_rerun_with_successful_run" time="0.012" /><testcase classname="tests.WorkflowRun.WorkflowRun" name="test_timing" time="0.009" /><testcase classname="tests.WorkflowRun.WorkflowRun" name="test_timing_no_run_duration" time="0.010" /></testsuite></testsuites>